<?xml version="1.0" ?>
<coverage version="7.3.2" timestamp="1697505857243" lines-valid="7717" lines-covered="2007" line-rate="0.2601" branches-valid="3081" branches-covered="1335" branch-rate="0.4333" complexity="0">
	<!-- Generated by coverage.py: https://coverage.readthedocs.io/en/7.3.2 -->
	<!-- Based on https://raw.githubusercontent.com/cobertura/web/master/htdocs/xml/coverage-04.dtd -->
	<sources>
		<source>C:\Users\13093\Documents\pyscope</source>
	</sources>
	<packages>
		<package name="pyscope" line-rate="1" branch-rate="1" complexity="0">
			<classes>
				<class name="__init__.py" filename="pyscope/__init__.py" complexity="0" line-rate="1" branch-rate="1">
					<methods/>
					<lines>
						<line number="77" hits="1"/>
						<line number="79" hits="1"/>
						<line number="81" hits="1"/>
						<line number="82" hits="1"/>
						<line number="83" hits="1"/>
						<line number="84" hits="1"/>
						<line number="85" hits="1"/>
						<line number="87" hits="1"/>
						<line number="88" hits="1"/>
						<line number="90" hits="1"/>
					</lines>
				</class>
			</classes>
		</package>
		<package name="pyscope.analysis" line-rate="0.2148" branch-rate="0.5" complexity="0">
			<classes>
				<class name="__init__.py" filename="pyscope/analysis/__init__.py" complexity="0" line-rate="1" branch-rate="1">
					<methods/>
					<lines>
						<line number="3" hits="1"/>
					</lines>
				</class>
				<class name="calc_zmag.py" filename="pyscope/analysis/calc_zmag.py" complexity="0" line-rate="0.2095" branch-rate="0.5">
					<methods/>
					<lines>
						<line number="1" hits="1"/>
						<line number="2" hits="1"/>
						<line number="4" hits="1"/>
						<line number="5" hits="1"/>
						<line number="6" hits="1"/>
						<line number="7" hits="1"/>
						<line number="8" hits="1"/>
						<line number="9" hits="1"/>
						<line number="10" hits="1"/>
						<line number="11" hits="1"/>
						<line number="13" hits="1"/>
						<line number="14" hits="1"/>
						<line number="16" hits="1"/>
						<line number="19" hits="1" branch="true" condition-coverage="100% (2/2)"/>
						<line number="24" hits="1" branch="true" condition-coverage="100% (2/2)"/>
						<line number="33" hits="1" branch="true" condition-coverage="100% (2/2)"/>
						<line number="44" hits="1" branch="true" condition-coverage="100% (2/2)"/>
						<line number="53" hits="1" branch="true" condition-coverage="100% (2/2)"/>
						<line number="62" hits="1" branch="true" condition-coverage="100% (2/2)"/>
						<line number="73" hits="1" branch="true" condition-coverage="100% (2/2)"/>
						<line number="84" hits="1" branch="true" condition-coverage="100% (2/2)"/>
						<line number="92" hits="1" branch="true" condition-coverage="100% (2/2)"/>
						<line number="101" hits="1" branch="true" condition-coverage="100% (2/2)"/>
						<line number="110" hits="1" branch="true" condition-coverage="100% (2/2)"/>
						<line number="119" hits="1" branch="true" condition-coverage="100% (2/2)"/>
						<line number="126" hits="1" branch="true" condition-coverage="100% (2/2)"/>
						<line number="127" hits="1" branch="true" condition-coverage="100% (2/2)"/>
						<line number="130" hits="1" branch="true" condition-coverage="100% (2/2)"/>
						<line number="131" hits="1" branch="true" condition-coverage="100% (2/2)"/>
						<line number="132" hits="1" branch="true" condition-coverage="100% (2/2)"/>
						<line number="148" hits="0" branch="true" condition-coverage="0% (0/2)" missing-branches="149,151"/>
						<line number="149" hits="0"/>
						<line number="151" hits="0"/>
						<line number="159" hits="0"/>
						<line number="161" hits="0" branch="true" condition-coverage="0% (0/2)" missing-branches="162,164"/>
						<line number="162" hits="0"/>
						<line number="164" hits="0"/>
						<line number="165" hits="0"/>
						<line number="167" hits="0" branch="true" condition-coverage="0% (0/2)" missing-branches="168,381"/>
						<line number="168" hits="0"/>
						<line number="169" hits="0"/>
						<line number="172" hits="0"/>
						<line number="173" hits="0" branch="true" condition-coverage="0% (0/2)" missing-branches="174,175"/>
						<line number="174" hits="0"/>
						<line number="175" hits="0"/>
						<line number="176" hits="0"/>
						<line number="177" hits="0"/>
						<line number="178" hits="0"/>
						<line number="179" hits="0"/>
						<line number="180" hits="0"/>
						<line number="181" hits="0" branch="true" condition-coverage="0% (0/2)" missing-branches="182,184"/>
						<line number="182" hits="0"/>
						<line number="184" hits="0"/>
						<line number="185" hits="0"/>
						<line number="188" hits="0"/>
						<line number="189" hits="0"/>
						<line number="211" hits="0"/>
						<line number="213" hits="0" branch="true" condition-coverage="0% (0/2)" missing-branches="214,221"/>
						<line number="214" hits="0"/>
						<line number="215" hits="0"/>
						<line number="216" hits="0"/>
						<line number="217" hits="0"/>
						<line number="218" hits="0"/>
						<line number="219" hits="0"/>
						<line number="221" hits="0"/>
						<line number="224" hits="0" branch="true" condition-coverage="0% (0/2)" missing-branches="225,226"/>
						<line number="225" hits="0"/>
						<line number="226" hits="0"/>
						<line number="227" hits="0"/>
						<line number="229" hits="0" branch="true" condition-coverage="0% (0/2)" missing-branches="230,233"/>
						<line number="230" hits="0"/>
						<line number="231" hits="0"/>
						<line number="233" hits="0" branch="true" condition-coverage="0% (0/2)" missing-branches="exit,236"/>
						<line number="236" hits="0"/>
						<line number="237" hits="0" branch="true" condition-coverage="0% (0/2)" missing-branches="238,257"/>
						<line number="238" hits="0"/>
						<line number="240" hits="0"/>
						<line number="247" hits="0"/>
						<line number="248" hits="0" branch="true" condition-coverage="0% (0/2)" missing-branches="237,249"/>
						<line number="249" hits="0" branch="true" condition-coverage="0% (0/2)" missing-branches="248,250"/>
						<line number="250" hits="0"/>
						<line number="251" hits="0"/>
						<line number="252" hits="0"/>
						<line number="253" hits="0"/>
						<line number="254" hits="0"/>
						<line number="255" hits="0"/>
						<line number="257" hits="0"/>
						<line number="259" hits="0"/>
						<line number="262" hits="0"/>
						<line number="264" hits="0"/>
						<line number="265" hits="0"/>
						<line number="266" hits="0"/>
						<line number="268" hits="0"/>
						<line number="269" hits="0"/>
						<line number="271" hits="0"/>
						<line number="274" hits="0"/>
						<line number="275" hits="0"/>
						<line number="276" hits="0"/>
						<line number="277" hits="0"/>
						<line number="278" hits="0"/>
						<line number="280" hits="0"/>
						<line number="281" hits="0"/>
						<line number="283" hits="0"/>
						<line number="284" hits="0"/>
						<line number="286" hits="0"/>
						<line number="290" hits="0" branch="true" condition-coverage="0% (0/2)" missing-branches="291,296"/>
						<line number="291" hits="0"/>
						<line number="292" hits="0"/>
						<line number="293" hits="0"/>
						<line number="294" hits="0"/>
						<line number="296" hits="0" branch="true" condition-coverage="0% (0/2)" missing-branches="167,297"/>
						<line number="297" hits="0"/>
						<line number="298" hits="0"/>
						<line number="299" hits="0"/>
						<line number="300" hits="0"/>
						<line number="301" hits="0"/>
						<line number="304" hits="0"/>
						<line number="311" hits="0"/>
						<line number="312" hits="0"/>
						<line number="314" hits="0" branch="true" condition-coverage="0% (0/2)" missing-branches="315,326"/>
						<line number="315" hits="0"/>
						<line number="318" hits="0"/>
						<line number="326" hits="0"/>
						<line number="327" hits="0"/>
						<line number="330" hits="0"/>
						<line number="333" hits="0" branch="true" condition-coverage="0% (0/2)" missing-branches="334,338"/>
						<line number="334" hits="0"/>
						<line number="338" hits="0"/>
						<line number="339" hits="0"/>
						<line number="340" hits="0"/>
						<line number="342" hits="0"/>
						<line number="343" hits="0"/>
						<line number="351" hits="0"/>
						<line number="352" hits="0"/>
						<line number="354" hits="0"/>
						<line number="355" hits="0"/>
						<line number="357" hits="0"/>
						<line number="358" hits="0" branch="true" condition-coverage="0% (0/2)" missing-branches="359,367"/>
						<line number="359" hits="0"/>
						<line number="367" hits="0"/>
						<line number="368" hits="0"/>
						<line number="369" hits="0"/>
						<line number="370" hits="0"/>
						<line number="371" hits="0"/>
						<line number="373" hits="0"/>
						<line number="381" hits="0"/>
						<line number="383" hits="0"/>
						<line number="386" hits="1"/>
					</lines>
				</class>
			</classes>
		</package>
		<package name="pyscope.observatory" line-rate="0.3284" branch-rate="0.5368" complexity="0">
			<classes>
				<class name="__init__.py" filename="pyscope/observatory/__init__.py" complexity="0" line-rate="1" branch-rate="1">
					<methods/>
					<lines>
						<line number="3" hits="1"/>
						<line number="5" hits="1"/>
						<line number="7" hits="1"/>
						<line number="9" hits="1"/>
						<line number="11" hits="1"/>
						<line number="12" hits="1"/>
						<line number="13" hits="1"/>
						<line number="14" hits="1"/>
						<line number="15" hits="1"/>
						<line number="16" hits="1"/>
						<line number="17" hits="1"/>
						<line number="18" hits="1"/>
						<line number="19" hits="1"/>
						<line number="20" hits="1"/>
						<line number="21" hits="1"/>
						<line number="22" hits="1"/>
						<line number="24" hits="1"/>
						<line number="25" hits="1"/>
						<line number="26" hits="1"/>
						<line number="27" hits="1"/>
						<line number="28" hits="1"/>
						<line number="29" hits="1"/>
						<line number="30" hits="1"/>
						<line number="31" hits="1"/>
						<line number="32" hits="1"/>
						<line number="33" hits="1"/>
						<line number="34" hits="1"/>
						<line number="36" hits="1"/>
						<line number="37" hits="1"/>
						<line number="38" hits="1"/>
						<line number="39" hits="1"/>
						<line number="40" hits="1"/>
						<line number="41" hits="1"/>
						<line number="43" hits="1"/>
						<line number="45" hits="1"/>
						<line number="46" hits="1"/>
						<line number="51" hits="1"/>
						<line number="55" hits="1"/>
						<line number="57" hits="1"/>
					</lines>
				</class>
				<class name="_docstring_inheritee.py" filename="pyscope/observatory/_docstring_inheritee.py" complexity="0" line-rate="1" branch-rate="1">
					<methods/>
					<lines>
						<line number="1" hits="1"/>
						<line number="4" hits="1"/>
						<line number="5" hits="1"/>
						<line number="6" hits="1"/>
						<line number="7" hits="1" branch="true" condition-coverage="100% (2/2)"/>
						<line number="8" hits="1" branch="true" condition-coverage="100% (2/2)"/>
						<line number="9" hits="1"/>
						<line number="10" hits="1"/>
						<line number="11" hits="1"/>
						<line number="13" hits="1"/>
					</lines>
				</class>
				<class name="ascom_camera.py" filename="pyscope/observatory/ascom_camera.py" complexity="0" line-rate="0.5053" branch-rate="1">
					<methods/>
					<lines>
						<line number="1" hits="1"/>
						<line number="3" hits="1"/>
						<line number="4" hits="1"/>
						<line number="6" hits="1"/>
						<line number="9" hits="1"/>
						<line number="10" hits="1"/>
						<line number="11" hits="0"/>
						<line number="19" hits="1"/>
						<line number="20" hits="0"/>
						<line number="21" hits="0"/>
						<line number="23" hits="1"/>
						<line number="24" hits="0"/>
						<line number="25" hits="0"/>
						<line number="27" hits="1"/>
						<line number="28" hits="0"/>
						<line number="29" hits="0"/>
						<line number="31" hits="1"/>
						<line number="32" hits="0"/>
						<line number="33" hits="0"/>
						<line number="35" hits="1"/>
						<line number="44" hits="1"/>
						<line number="53" hits="1"/>
						<line number="54" hits="1" branch="true" condition-coverage="100% (2/2)"/>
						<line number="55" hits="0"/>
						<line number="56" hits="0"/>
						<line number="58" hits="1"/>
						<line number="59" hits="1" branch="true" condition-coverage="100% (2/2)"/>
						<line number="60" hits="0"/>
						<line number="61" hits="0"/>
						<line number="63" hits="1"/>
						<line number="64" hits="1" branch="true" condition-coverage="100% (2/2)"/>
						<line number="65" hits="0"/>
						<line number="66" hits="0"/>
						<line number="68" hits="1"/>
						<line number="69" hits="1" branch="true" condition-coverage="100% (2/2)"/>
						<line number="70" hits="0"/>
						<line number="71" hits="0"/>
						<line number="73" hits="1"/>
						<line number="74" hits="1" branch="true" condition-coverage="100% (2/2)"/>
						<line number="75" hits="0"/>
						<line number="76" hits="0"/>
						<line number="78" hits="1"/>
						<line number="79" hits="1" branch="true" condition-coverage="100% (2/2)"/>
						<line number="80" hits="0"/>
						<line number="81" hits="0"/>
						<line number="83" hits="1"/>
						<line number="84" hits="1" branch="true" condition-coverage="100% (2/2)"/>
						<line number="85" hits="0"/>
						<line number="86" hits="0"/>
						<line number="88" hits="1"/>
						<line number="89" hits="1" branch="true" condition-coverage="100% (2/2)"/>
						<line number="90" hits="0"/>
						<line number="91" hits="0"/>
						<line number="93" hits="1"/>
						<line number="94" hits="1" branch="true" condition-coverage="100% (2/2)"/>
						<line number="95" hits="0"/>
						<line number="96" hits="0"/>
						<line number="98" hits="1"/>
						<line number="99" hits="1" branch="true" condition-coverage="100% (2/2)"/>
						<line number="100" hits="0"/>
						<line number="101" hits="0"/>
						<line number="103" hits="1"/>
						<line number="104" hits="1" branch="true" condition-coverage="100% (2/2)"/>
						<line number="105" hits="0"/>
						<line number="106" hits="0"/>
						<line number="108" hits="1"/>
						<line number="109" hits="1" branch="true" condition-coverage="100% (2/2)"/>
						<line number="110" hits="0"/>
						<line number="111" hits="0"/>
						<line number="113" hits="1"/>
						<line number="114" hits="1" branch="true" condition-coverage="100% (2/2)"/>
						<line number="115" hits="0"/>
						<line number="116" hits="0"/>
						<line number="118" hits="1"/>
						<line number="119" hits="1" branch="true" condition-coverage="100% (2/2)"/>
						<line number="120" hits="0"/>
						<line number="121" hits="0"/>
						<line number="123" hits="1"/>
						<line number="124" hits="1" branch="true" condition-coverage="100% (2/2)"/>
						<line number="125" hits="0"/>
						<line number="126" hits="0"/>
						<line number="128" hits="1"/>
						<line number="129" hits="1" branch="true" condition-coverage="100% (2/2)"/>
						<line number="130" hits="0"/>
						<line number="131" hits="0"/>
						<line number="133" hits="1"/>
						<line number="134" hits="1" branch="true" condition-coverage="100% (2/2)"/>
						<line number="135" hits="0"/>
						<line number="136" hits="0"/>
						<line number="138" hits="1"/>
						<line number="139" hits="1" branch="true" condition-coverage="100% (2/2)"/>
						<line number="140" hits="0"/>
						<line number="141" hits="0"/>
						<line number="143" hits="1"/>
						<line number="144" hits="1" branch="true" condition-coverage="100% (2/2)"/>
						<line number="145" hits="0"/>
						<line number="146" hits="0"/>
						<line number="148" hits="1"/>
						<line number="149" hits="1" branch="true" condition-coverage="100% (2/2)"/>
						<line number="150" hits="0"/>
						<line number="151" hits="0"/>
						<line number="153" hits="1"/>
						<line number="154" hits="1" branch="true" condition-coverage="100% (2/2)"/>
						<line number="155" hits="0"/>
						<line number="156" hits="0"/>
						<line number="158" hits="1"/>
						<line number="159" hits="1" branch="true" condition-coverage="100% (2/2)"/>
						<line number="160" hits="0"/>
						<line number="161" hits="0"/>
						<line number="163" hits="1"/>
						<line number="164" hits="1" branch="true" condition-coverage="100% (2/2)"/>
						<line number="165" hits="0"/>
						<line number="166" hits="0"/>
						<line number="168" hits="1"/>
						<line number="169" hits="1" branch="true" condition-coverage="100% (2/2)"/>
						<line number="170" hits="0"/>
						<line number="171" hits="0"/>
						<line number="173" hits="1"/>
						<line number="174" hits="1" branch="true" condition-coverage="100% (2/2)"/>
						<line number="175" hits="0"/>
						<line number="176" hits="0"/>
						<line number="178" hits="1"/>
						<line number="179" hits="1" branch="true" condition-coverage="100% (2/2)"/>
						<line number="180" hits="0"/>
						<line number="181" hits="0"/>
						<line number="183" hits="1"/>
						<line number="184" hits="1" branch="true" condition-coverage="100% (2/2)"/>
						<line number="185" hits="0"/>
						<line number="186" hits="0"/>
						<line number="188" hits="1"/>
						<line number="189" hits="1" branch="true" condition-coverage="100% (2/2)"/>
						<line number="190" hits="0"/>
						<line number="191" hits="0"/>
						<line number="193" hits="1"/>
						<line number="194" hits="1" branch="true" condition-coverage="100% (2/2)"/>
						<line number="195" hits="0"/>
						<line number="196" hits="0"/>
						<line number="198" hits="1"/>
						<line number="199" hits="1" branch="true" condition-coverage="100% (2/2)"/>
						<line number="200" hits="0"/>
						<line number="201" hits="0"/>
						<line number="203" hits="1"/>
						<line number="204" hits="1" branch="true" condition-coverage="100% (2/2)"/>
						<line number="205" hits="0"/>
						<line number="206" hits="0"/>
						<line number="208" hits="1"/>
						<line number="209" hits="1" branch="true" condition-coverage="100% (2/2)"/>
						<line number="210" hits="0"/>
						<line number="211" hits="0"/>
						<line number="213" hits="1"/>
						<line number="214" hits="1" branch="true" condition-coverage="100% (2/2)"/>
						<line number="215" hits="0"/>
						<line number="216" hits="0"/>
						<line number="218" hits="1"/>
						<line number="219" hits="1" branch="true" condition-coverage="100% (2/2)"/>
						<line number="220" hits="0"/>
						<line number="221" hits="0"/>
						<line number="223" hits="1"/>
						<line number="224" hits="1" branch="true" condition-coverage="100% (2/2)"/>
						<line number="225" hits="0"/>
						<line number="226" hits="0"/>
						<line number="228" hits="1"/>
						<line number="229" hits="1" branch="true" condition-coverage="100% (2/2)"/>
						<line number="230" hits="0"/>
						<line number="231" hits="0"/>
						<line number="233" hits="1"/>
						<line number="234" hits="1" branch="true" condition-coverage="100% (2/2)"/>
						<line number="235" hits="0"/>
						<line number="236" hits="0"/>
						<line number="238" hits="1"/>
						<line number="239" hits="1" branch="true" condition-coverage="100% (2/2)"/>
						<line number="240" hits="0"/>
						<line number="241" hits="0"/>
						<line number="243" hits="1"/>
						<line number="244" hits="1" branch="true" condition-coverage="100% (2/2)"/>
						<line number="245" hits="0"/>
						<line number="246" hits="0"/>
						<line number="248" hits="1"/>
						<line number="249" hits="1" branch="true" condition-coverage="100% (2/2)"/>
						<line number="250" hits="0"/>
						<line number="251" hits="0"/>
						<line number="253" hits="1"/>
						<line number="254" hits="1" branch="true" condition-coverage="100% (2/2)"/>
						<line number="255" hits="0"/>
						<line number="256" hits="0"/>
						<line number="258" hits="1"/>
						<line number="259" hits="1" branch="true" condition-coverage="100% (2/2)"/>
						<line number="260" hits="0"/>
						<line number="261" hits="0"/>
						<line number="263" hits="1"/>
						<line number="264" hits="1" branch="true" condition-coverage="100% (2/2)"/>
						<line number="265" hits="0"/>
						<line number="266" hits="0"/>
						<line number="268" hits="1"/>
						<line number="269" hits="1" branch="true" condition-coverage="100% (2/2)"/>
						<line number="270" hits="0"/>
						<line number="271" hits="0"/>
						<line number="273" hits="1"/>
						<line number="274" hits="1" branch="true" condition-coverage="100% (2/2)"/>
						<line number="275" hits="0"/>
						<line number="276" hits="0"/>
						<line number="278" hits="1"/>
						<line number="279" hits="1" branch="true" condition-coverage="100% (2/2)"/>
						<line number="280" hits="0"/>
						<line number="281" hits="0"/>
						<line number="283" hits="1"/>
						<line number="284" hits="1" branch="true" condition-coverage="100% (2/2)"/>
						<line number="285" hits="0"/>
						<line number="286" hits="0"/>
						<line number="288" hits="1"/>
						<line number="289" hits="1" branch="true" condition-coverage="100% (2/2)"/>
						<line number="290" hits="0"/>
						<line number="291" hits="0"/>
						<line number="293" hits="1"/>
						<line number="294" hits="1" branch="true" condition-coverage="100% (2/2)"/>
						<line number="295" hits="0"/>
						<line number="296" hits="0"/>
						<line number="298" hits="1"/>
						<line number="299" hits="1" branch="true" condition-coverage="100% (2/2)"/>
						<line number="300" hits="0"/>
						<line number="301" hits="0"/>
						<line number="303" hits="1"/>
						<line number="304" hits="1" branch="true" condition-coverage="100% (2/2)"/>
						<line number="305" hits="0"/>
						<line number="306" hits="0"/>
						<line number="308" hits="1"/>
						<line number="309" hits="1" branch="true" condition-coverage="100% (2/2)"/>
						<line number="310" hits="0"/>
						<line number="311" hits="0"/>
						<line number="313" hits="1"/>
						<line number="314" hits="1" branch="true" condition-coverage="100% (2/2)"/>
						<line number="315" hits="0"/>
						<line number="316" hits="0"/>
						<line number="318" hits="1"/>
						<line number="319" hits="1" branch="true" condition-coverage="100% (2/2)"/>
						<line number="320" hits="0"/>
						<line number="321" hits="0"/>
						<line number="323" hits="1"/>
						<line number="324" hits="1" branch="true" condition-coverage="100% (2/2)"/>
						<line number="325" hits="0"/>
						<line number="326" hits="0"/>
						<line number="328" hits="1"/>
						<line number="329" hits="1" branch="true" condition-coverage="100% (2/2)"/>
						<line number="330" hits="0"/>
						<line number="331" hits="0"/>
						<line number="333" hits="1"/>
						<line number="334" hits="1" branch="true" condition-coverage="100% (2/2)"/>
						<line number="335" hits="0"/>
						<line number="336" hits="0"/>
						<line number="338" hits="1"/>
						<line number="339" hits="1" branch="true" condition-coverage="100% (2/2)"/>
						<line number="340" hits="0"/>
						<line number="341" hits="0"/>
						<line number="343" hits="1"/>
						<line number="344" hits="1" branch="true" condition-coverage="100% (2/2)"/>
						<line number="345" hits="0"/>
						<line number="346" hits="0"/>
						<line number="348" hits="1"/>
						<line number="349" hits="1" branch="true" condition-coverage="100% (2/2)"/>
						<line number="350" hits="0"/>
						<line number="351" hits="0"/>
						<line number="353" hits="1"/>
						<line number="354" hits="1" branch="true" condition-coverage="100% (2/2)"/>
						<line number="355" hits="0"/>
						<line number="356" hits="0"/>
						<line number="358" hits="1"/>
						<line number="359" hits="1" branch="true" condition-coverage="100% (2/2)"/>
						<line number="360" hits="0"/>
						<line number="361" hits="0"/>
						<line number="363" hits="1"/>
						<line number="364" hits="1" branch="true" condition-coverage="100% (2/2)"/>
						<line number="365" hits="0"/>
						<line number="366" hits="0"/>
						<line number="368" hits="1"/>
						<line number="369" hits="1" branch="true" condition-coverage="100% (2/2)"/>
						<line number="370" hits="0"/>
						<line number="371" hits="0"/>
						<line number="373" hits="1"/>
						<line number="374" hits="1" branch="true" condition-coverage="100% (2/2)"/>
						<line number="375" hits="0"/>
						<line number="376" hits="0"/>
					</lines>
				</class>
				<class name="ascom_cover_calibrator.py" filename="pyscope/observatory/ascom_cover_calibrator.py" complexity="0" line-rate="0.5" branch-rate="1">
					<methods/>
					<lines>
						<line number="1" hits="1"/>
						<line number="3" hits="1"/>
						<line number="4" hits="1"/>
						<line number="6" hits="1"/>
						<line number="9" hits="1"/>
						<line number="10" hits="1"/>
						<line number="11" hits="0"/>
						<line number="19" hits="1"/>
						<line number="20" hits="0"/>
						<line number="21" hits="0"/>
						<line number="23" hits="1"/>
						<line number="24" hits="0"/>
						<line number="25" hits="0"/>
						<line number="27" hits="1"/>
						<line number="28" hits="0"/>
						<line number="29" hits="0"/>
						<line number="31" hits="1"/>
						<line number="32" hits="0"/>
						<line number="33" hits="0"/>
						<line number="35" hits="1"/>
						<line number="36" hits="0"/>
						<line number="37" hits="0"/>
						<line number="39" hits="1"/>
						<line number="40" hits="1" branch="true" condition-coverage="100% (2/2)"/>
						<line number="41" hits="0"/>
						<line number="42" hits="0"/>
						<line number="44" hits="1"/>
						<line number="45" hits="1" branch="true" condition-coverage="100% (2/2)"/>
						<line number="46" hits="0"/>
						<line number="47" hits="0"/>
						<line number="49" hits="1"/>
						<line number="50" hits="1" branch="true" condition-coverage="100% (2/2)"/>
						<line number="51" hits="0"/>
						<line number="52" hits="0"/>
						<line number="54" hits="1"/>
						<line number="55" hits="1" branch="true" condition-coverage="100% (2/2)"/>
						<line number="56" hits="0"/>
						<line number="57" hits="0"/>
					</lines>
				</class>
				<class name="ascom_device.py" filename="pyscope/observatory/ascom_device.py" complexity="0" line-rate="0.4615" branch-rate="0.8">
					<methods/>
					<lines>
						<line number="1" hits="1"/>
						<line number="2" hits="1"/>
						<line number="4" hits="1"/>
						<line number="5" hits="1"/>
						<line number="7" hits="1"/>
						<line number="10" hits="1"/>
						<line number="11" hits="1"/>
						<line number="12" hits="0"/>
						<line number="13" hits="0"/>
						<line number="14" hits="0"/>
						<line number="16" hits="0" branch="true" condition-coverage="0% (0/2)" missing-branches="17,25"/>
						<line number="17" hits="0"/>
						<line number="19" hits="0"/>
						<line number="25" hits="0" branch="true" condition-coverage="0% (0/2)" missing-branches="26,30"/>
						<line number="26" hits="0"/>
						<line number="28" hits="0"/>
						<line number="30" hits="0"/>
						<line number="32" hits="1"/>
						<line number="33" hits="0"/>
						<line number="34" hits="0"/>
						<line number="63" hits="1"/>
						<line number="64" hits="1" branch="true" condition-coverage="100% (2/2)"/>
						<line number="65" hits="0"/>
						<line number="66" hits="0"/>
						<line number="68" hits="1"/>
						<line number="69" hits="1" branch="true" condition-coverage="100% (2/2)"/>
						<line number="70" hits="0"/>
						<line number="71" hits="0"/>
						<line number="73" hits="1"/>
						<line number="74" hits="1" branch="true" condition-coverage="100% (2/2)"/>
						<line number="75" hits="0"/>
						<line number="76" hits="0"/>
						<line number="78" hits="1"/>
						<line number="79" hits="1" branch="true" condition-coverage="100% (2/2)"/>
						<line number="80" hits="0"/>
						<line number="81" hits="0"/>
						<line number="83" hits="1"/>
						<line number="84" hits="1" branch="true" condition-coverage="100% (2/2)"/>
						<line number="85" hits="0"/>
						<line number="86" hits="0"/>
						<line number="88" hits="1"/>
						<line number="89" hits="1" branch="true" condition-coverage="100% (2/2)"/>
						<line number="90" hits="0"/>
						<line number="91" hits="0"/>
						<line number="93" hits="1"/>
						<line number="94" hits="1" branch="true" condition-coverage="100% (2/2)"/>
						<line number="95" hits="0"/>
						<line number="96" hits="0"/>
						<line number="98" hits="1"/>
						<line number="99" hits="1" branch="true" condition-coverage="100% (2/2)"/>
						<line number="100" hits="0"/>
						<line number="101" hits="0"/>
					</lines>
				</class>
				<class name="ascom_dome.py" filename="pyscope/observatory/ascom_dome.py" complexity="0" line-rate="0.4787" branch-rate="1">
					<methods/>
					<lines>
						<line number="1" hits="1"/>
						<line number="3" hits="1"/>
						<line number="4" hits="1"/>
						<line number="6" hits="1"/>
						<line number="9" hits="1"/>
						<line number="10" hits="1"/>
						<line number="11" hits="0"/>
						<line number="19" hits="1"/>
						<line number="20" hits="0"/>
						<line number="21" hits="0"/>
						<line number="23" hits="1"/>
						<line number="24" hits="0"/>
						<line number="25" hits="0"/>
						<line number="27" hits="1"/>
						<line number="28" hits="0"/>
						<line number="29" hits="0"/>
						<line number="31" hits="1"/>
						<line number="32" hits="0"/>
						<line number="33" hits="0"/>
						<line number="35" hits="1"/>
						<line number="36" hits="0"/>
						<line number="37" hits="0"/>
						<line number="39" hits="1"/>
						<line number="40" hits="0"/>
						<line number="41" hits="0"/>
						<line number="43" hits="1"/>
						<line number="44" hits="0"/>
						<line number="45" hits="0"/>
						<line number="47" hits="1"/>
						<line number="48" hits="0"/>
						<line number="49" hits="0"/>
						<line number="51" hits="1"/>
						<line number="52" hits="0"/>
						<line number="53" hits="0"/>
						<line number="55" hits="1"/>
						<line number="56" hits="1" branch="true" condition-coverage="100% (2/2)"/>
						<line number="57" hits="0"/>
						<line number="58" hits="0"/>
						<line number="60" hits="1"/>
						<line number="61" hits="1" branch="true" condition-coverage="100% (2/2)"/>
						<line number="62" hits="0"/>
						<line number="63" hits="0"/>
						<line number="65" hits="1"/>
						<line number="66" hits="1" branch="true" condition-coverage="100% (2/2)"/>
						<line number="67" hits="0"/>
						<line number="68" hits="0"/>
						<line number="70" hits="1"/>
						<line number="71" hits="1" branch="true" condition-coverage="100% (2/2)"/>
						<line number="72" hits="0"/>
						<line number="73" hits="0"/>
						<line number="75" hits="1"/>
						<line number="76" hits="1" branch="true" condition-coverage="100% (2/2)"/>
						<line number="77" hits="0"/>
						<line number="78" hits="0"/>
						<line number="80" hits="1"/>
						<line number="81" hits="1" branch="true" condition-coverage="100% (2/2)"/>
						<line number="82" hits="0"/>
						<line number="83" hits="0"/>
						<line number="85" hits="1"/>
						<line number="86" hits="1" branch="true" condition-coverage="100% (2/2)"/>
						<line number="87" hits="0"/>
						<line number="88" hits="0"/>
						<line number="90" hits="1"/>
						<line number="91" hits="1" branch="true" condition-coverage="100% (2/2)"/>
						<line number="92" hits="0"/>
						<line number="93" hits="0"/>
						<line number="95" hits="1"/>
						<line number="96" hits="1" branch="true" condition-coverage="100% (2/2)"/>
						<line number="97" hits="0"/>
						<line number="98" hits="0"/>
						<line number="100" hits="1"/>
						<line number="101" hits="1" branch="true" condition-coverage="100% (2/2)"/>
						<line number="102" hits="0"/>
						<line number="103" hits="0"/>
						<line number="105" hits="1"/>
						<line number="106" hits="1" branch="true" condition-coverage="100% (2/2)"/>
						<line number="107" hits="0"/>
						<line number="108" hits="0"/>
						<line number="110" hits="1"/>
						<line number="111" hits="1" branch="true" condition-coverage="100% (2/2)"/>
						<line number="112" hits="0"/>
						<line number="113" hits="0"/>
						<line number="115" hits="1"/>
						<line number="116" hits="1" branch="true" condition-coverage="100% (2/2)"/>
						<line number="117" hits="0"/>
						<line number="118" hits="0"/>
						<line number="120" hits="1"/>
						<line number="121" hits="1" branch="true" condition-coverage="100% (2/2)"/>
						<line number="122" hits="0"/>
						<line number="123" hits="0"/>
						<line number="125" hits="1"/>
						<line number="126" hits="1" branch="true" condition-coverage="100% (2/2)"/>
						<line number="127" hits="0"/>
						<line number="128" hits="0"/>
					</lines>
				</class>
				<class name="ascom_filter_wheel.py" filename="pyscope/observatory/ascom_filter_wheel.py" complexity="0" line-rate="0.6087" branch-rate="1">
					<methods/>
					<lines>
						<line number="1" hits="1"/>
						<line number="3" hits="1"/>
						<line number="4" hits="1"/>
						<line number="6" hits="1"/>
						<line number="9" hits="1"/>
						<line number="10" hits="1"/>
						<line number="11" hits="0"/>
						<line number="19" hits="1"/>
						<line number="20" hits="1" branch="true" condition-coverage="100% (2/2)"/>
						<line number="21" hits="0"/>
						<line number="22" hits="0"/>
						<line number="24" hits="1"/>
						<line number="25" hits="1" branch="true" condition-coverage="100% (2/2)"/>
						<line number="26" hits="0"/>
						<line number="27" hits="0"/>
						<line number="29" hits="1"/>
						<line number="30" hits="1" branch="true" condition-coverage="100% (2/2)"/>
						<line number="31" hits="0"/>
						<line number="32" hits="0"/>
						<line number="34" hits="1"/>
						<line number="35" hits="1" branch="true" condition-coverage="100% (2/2)"/>
						<line number="36" hits="0"/>
						<line number="37" hits="0"/>
					</lines>
				</class>
				<class name="ascom_focuser.py" filename="pyscope/observatory/ascom_focuser.py" complexity="0" line-rate="0.5283" branch-rate="1">
					<methods/>
					<lines>
						<line number="1" hits="1"/>
						<line number="3" hits="1"/>
						<line number="4" hits="1"/>
						<line number="6" hits="1"/>
						<line number="9" hits="1"/>
						<line number="10" hits="1"/>
						<line number="11" hits="0"/>
						<line number="19" hits="1"/>
						<line number="20" hits="0"/>
						<line number="21" hits="0"/>
						<line number="23" hits="1"/>
						<line number="24" hits="0"/>
						<line number="25" hits="0"/>
						<line number="27" hits="1"/>
						<line number="28" hits="1" branch="true" condition-coverage="100% (2/2)"/>
						<line number="29" hits="0"/>
						<line number="30" hits="0"/>
						<line number="32" hits="1"/>
						<line number="33" hits="1" branch="true" condition-coverage="100% (2/2)"/>
						<line number="34" hits="0"/>
						<line number="35" hits="0"/>
						<line number="37" hits="1"/>
						<line number="38" hits="1" branch="true" condition-coverage="100% (2/2)"/>
						<line number="39" hits="0"/>
						<line number="40" hits="0"/>
						<line number="42" hits="1"/>
						<line number="43" hits="1" branch="true" condition-coverage="100% (2/2)"/>
						<line number="44" hits="0"/>
						<line number="45" hits="0"/>
						<line number="47" hits="1"/>
						<line number="48" hits="1" branch="true" condition-coverage="100% (2/2)"/>
						<line number="49" hits="0"/>
						<line number="50" hits="0"/>
						<line number="52" hits="1"/>
						<line number="53" hits="1" branch="true" condition-coverage="100% (2/2)"/>
						<line number="54" hits="0"/>
						<line number="55" hits="0"/>
						<line number="57" hits="1"/>
						<line number="58" hits="1" branch="true" condition-coverage="100% (2/2)"/>
						<line number="59" hits="0"/>
						<line number="60" hits="0"/>
						<line number="62" hits="1"/>
						<line number="63" hits="1" branch="true" condition-coverage="100% (2/2)"/>
						<line number="64" hits="0"/>
						<line number="65" hits="0"/>
						<line number="67" hits="1"/>
						<line number="68" hits="1" branch="true" condition-coverage="100% (2/2)"/>
						<line number="69" hits="0"/>
						<line number="70" hits="0"/>
						<line number="72" hits="1"/>
						<line number="73" hits="1" branch="true" condition-coverage="100% (2/2)"/>
						<line number="74" hits="0"/>
						<line number="75" hits="0"/>
					</lines>
				</class>
				<class name="ascom_observing_conditions.py" filename="pyscope/observatory/ascom_observing_conditions.py" complexity="0" line-rate="0.5132" branch-rate="1">
					<methods/>
					<lines>
						<line number="1" hits="1"/>
						<line number="3" hits="1"/>
						<line number="4" hits="1"/>
						<line number="6" hits="1"/>
						<line number="9" hits="1"/>
						<line number="10" hits="1"/>
						<line number="11" hits="0"/>
						<line number="19" hits="1"/>
						<line number="20" hits="0"/>
						<line number="21" hits="0"/>
						<line number="23" hits="1"/>
						<line number="24" hits="0"/>
						<line number="27" hits="0"/>
						<line number="29" hits="1"/>
						<line number="30" hits="0"/>
						<line number="33" hits="0"/>
						<line number="35" hits="1"/>
						<line number="36" hits="1" branch="true" condition-coverage="100% (2/2)"/>
						<line number="37" hits="0"/>
						<line number="38" hits="0"/>
						<line number="40" hits="1"/>
						<line number="41" hits="1" branch="true" condition-coverage="100% (2/2)"/>
						<line number="42" hits="0"/>
						<line number="43" hits="0"/>
						<line number="45" hits="1"/>
						<line number="46" hits="1" branch="true" condition-coverage="100% (2/2)"/>
						<line number="47" hits="0"/>
						<line number="48" hits="0"/>
						<line number="50" hits="1"/>
						<line number="51" hits="1" branch="true" condition-coverage="100% (2/2)"/>
						<line number="52" hits="0"/>
						<line number="53" hits="0"/>
						<line number="55" hits="1"/>
						<line number="56" hits="1" branch="true" condition-coverage="100% (2/2)"/>
						<line number="57" hits="0"/>
						<line number="58" hits="0"/>
						<line number="60" hits="1"/>
						<line number="61" hits="1" branch="true" condition-coverage="100% (2/2)"/>
						<line number="62" hits="0"/>
						<line number="63" hits="0"/>
						<line number="65" hits="1"/>
						<line number="66" hits="1" branch="true" condition-coverage="100% (2/2)"/>
						<line number="67" hits="0"/>
						<line number="68" hits="0"/>
						<line number="70" hits="1"/>
						<line number="71" hits="1" branch="true" condition-coverage="100% (2/2)"/>
						<line number="72" hits="0"/>
						<line number="73" hits="0"/>
						<line number="75" hits="1"/>
						<line number="76" hits="1" branch="true" condition-coverage="100% (2/2)"/>
						<line number="77" hits="0"/>
						<line number="78" hits="0"/>
						<line number="80" hits="1"/>
						<line number="81" hits="1" branch="true" condition-coverage="100% (2/2)"/>
						<line number="82" hits="0"/>
						<line number="83" hits="0"/>
						<line number="85" hits="1"/>
						<line number="86" hits="1" branch="true" condition-coverage="100% (2/2)"/>
						<line number="87" hits="0"/>
						<line number="88" hits="0"/>
						<line number="90" hits="1"/>
						<line number="91" hits="1" branch="true" condition-coverage="100% (2/2)"/>
						<line number="92" hits="0"/>
						<line number="93" hits="0"/>
						<line number="95" hits="1"/>
						<line number="96" hits="1" branch="true" condition-coverage="100% (2/2)"/>
						<line number="97" hits="0"/>
						<line number="98" hits="0"/>
						<line number="100" hits="1"/>
						<line number="101" hits="1" branch="true" condition-coverage="100% (2/2)"/>
						<line number="102" hits="0"/>
						<line number="103" hits="0"/>
						<line number="105" hits="1"/>
						<line number="106" hits="1" branch="true" condition-coverage="100% (2/2)"/>
						<line number="107" hits="0"/>
						<line number="108" hits="0"/>
					</lines>
				</class>
				<class name="ascom_rotator.py" filename="pyscope/observatory/ascom_rotator.py" complexity="0" line-rate="0.5" branch-rate="1">
					<methods/>
					<lines>
						<line number="1" hits="1"/>
						<line number="3" hits="1"/>
						<line number="4" hits="1"/>
						<line number="6" hits="1"/>
						<line number="9" hits="1"/>
						<line number="10" hits="1"/>
						<line number="11" hits="0"/>
						<line number="19" hits="1"/>
						<line number="20" hits="0"/>
						<line number="21" hits="0"/>
						<line number="23" hits="1"/>
						<line number="24" hits="0"/>
						<line number="25" hits="0"/>
						<line number="27" hits="1"/>
						<line number="28" hits="0"/>
						<line number="29" hits="0"/>
						<line number="31" hits="1"/>
						<line number="32" hits="0"/>
						<line number="33" hits="0"/>
						<line number="35" hits="1"/>
						<line number="36" hits="0"/>
						<line number="37" hits="0"/>
						<line number="39" hits="1"/>
						<line number="40" hits="1" branch="true" condition-coverage="100% (2/2)"/>
						<line number="41" hits="0"/>
						<line number="42" hits="0"/>
						<line number="44" hits="1"/>
						<line number="45" hits="1" branch="true" condition-coverage="100% (2/2)"/>
						<line number="46" hits="0"/>
						<line number="47" hits="0"/>
						<line number="49" hits="1"/>
						<line number="50" hits="1" branch="true" condition-coverage="100% (2/2)"/>
						<line number="51" hits="0"/>
						<line number="52" hits="0"/>
						<line number="54" hits="1"/>
						<line number="55" hits="1" branch="true" condition-coverage="100% (2/2)"/>
						<line number="56" hits="0"/>
						<line number="57" hits="0"/>
						<line number="59" hits="1"/>
						<line number="60" hits="1" branch="true" condition-coverage="100% (2/2)"/>
						<line number="61" hits="0"/>
						<line number="62" hits="0"/>
						<line number="64" hits="1"/>
						<line number="65" hits="1" branch="true" condition-coverage="100% (2/2)"/>
						<line number="66" hits="0"/>
						<line number="67" hits="0"/>
						<line number="69" hits="1"/>
						<line number="70" hits="1" branch="true" condition-coverage="100% (2/2)"/>
						<line number="71" hits="0"/>
						<line number="72" hits="0"/>
						<line number="74" hits="1"/>
						<line number="75" hits="1" branch="true" condition-coverage="100% (2/2)"/>
						<line number="76" hits="0"/>
						<line number="77" hits="0"/>
					</lines>
				</class>
				<class name="ascom_safety_monitor.py" filename="pyscope/observatory/ascom_safety_monitor.py" complexity="0" line-rate="0.7273" branch-rate="1">
					<methods/>
					<lines>
						<line number="1" hits="1"/>
						<line number="3" hits="1"/>
						<line number="4" hits="1"/>
						<line number="6" hits="1"/>
						<line number="9" hits="1"/>
						<line number="10" hits="1"/>
						<line number="11" hits="0"/>
						<line number="19" hits="1"/>
						<line number="20" hits="1" branch="true" condition-coverage="100% (2/2)"/>
						<line number="21" hits="0"/>
						<line number="22" hits="0"/>
					</lines>
				</class>
				<class name="ascom_switch.py" filename="pyscope/observatory/ascom_switch.py" complexity="0" line-rate="0.439" branch-rate="1">
					<methods/>
					<lines>
						<line number="1" hits="1"/>
						<line number="3" hits="1"/>
						<line number="4" hits="1"/>
						<line number="6" hits="1"/>
						<line number="9" hits="1"/>
						<line number="10" hits="1"/>
						<line number="11" hits="0"/>
						<line number="19" hits="1"/>
						<line number="20" hits="0"/>
						<line number="21" hits="0"/>
						<line number="23" hits="1"/>
						<line number="24" hits="0"/>
						<line number="25" hits="0"/>
						<line number="27" hits="1"/>
						<line number="28" hits="0"/>
						<line number="29" hits="0"/>
						<line number="31" hits="1"/>
						<line number="32" hits="0"/>
						<line number="33" hits="0"/>
						<line number="35" hits="1"/>
						<line number="36" hits="0"/>
						<line number="37" hits="0"/>
						<line number="39" hits="1"/>
						<line number="40" hits="0"/>
						<line number="41" hits="0"/>
						<line number="43" hits="1"/>
						<line number="44" hits="0"/>
						<line number="45" hits="0"/>
						<line number="47" hits="1"/>
						<line number="48" hits="0"/>
						<line number="49" hits="0"/>
						<line number="51" hits="1"/>
						<line number="52" hits="0"/>
						<line number="53" hits="0"/>
						<line number="55" hits="1"/>
						<line number="56" hits="0"/>
						<line number="57" hits="0"/>
						<line number="59" hits="1"/>
						<line number="60" hits="1" branch="true" condition-coverage="100% (2/2)"/>
						<line number="61" hits="0"/>
						<line number="62" hits="0"/>
					</lines>
				</class>
				<class name="ascom_telescope.py" filename="pyscope/observatory/ascom_telescope.py" complexity="0" line-rate="0.4829" branch-rate="1">
					<methods/>
					<lines>
						<line number="1" hits="1"/>
						<line number="3" hits="1"/>
						<line number="4" hits="1"/>
						<line number="6" hits="1"/>
						<line number="9" hits="1"/>
						<line number="10" hits="1"/>
						<line number="11" hits="0"/>
						<line number="19" hits="1"/>
						<line number="20" hits="0"/>
						<line number="21" hits="0"/>
						<line number="23" hits="1"/>
						<line number="24" hits="0"/>
						<line number="25" hits="0"/>
						<line number="27" hits="1"/>
						<line number="28" hits="0"/>
						<line number="29" hits="0"/>
						<line number="31" hits="1"/>
						<line number="32" hits="0"/>
						<line number="35" hits="0"/>
						<line number="37" hits="1"/>
						<line number="38" hits="0"/>
						<line number="39" hits="0"/>
						<line number="41" hits="1"/>
						<line number="42" hits="0"/>
						<line number="43" hits="0"/>
						<line number="45" hits="1"/>
						<line number="46" hits="0"/>
						<line number="47" hits="0"/>
						<line number="49" hits="1"/>
						<line number="50" hits="0"/>
						<line number="51" hits="0"/>
						<line number="53" hits="1"/>
						<line number="54" hits="0"/>
						<line number="55" hits="0"/>
						<line number="65" hits="1"/>
						<line number="66" hits="0"/>
						<line number="67" hits="0"/>
						<line number="79" hits="1"/>
						<line number="80" hits="0"/>
						<line number="83" hits="0"/>
						<line number="93" hits="1"/>
						<line number="94" hits="0"/>
						<line number="95" hits="0"/>
						<line number="97" hits="1"/>
						<line number="98" hits="0"/>
						<line number="99" hits="0"/>
						<line number="101" hits="1"/>
						<line number="102" hits="0"/>
						<line number="105" hits="0"/>
						<line number="107" hits="1"/>
						<line number="108" hits="0"/>
						<line number="109" hits="0"/>
						<line number="111" hits="1"/>
						<line number="112" hits="0"/>
						<line number="113" hits="0"/>
						<line number="115" hits="1"/>
						<line number="116" hits="1" branch="true" condition-coverage="100% (2/2)"/>
						<line number="117" hits="0"/>
						<line number="118" hits="0"/>
						<line number="120" hits="1"/>
						<line number="121" hits="1" branch="true" condition-coverage="100% (2/2)"/>
						<line number="122" hits="0"/>
						<line number="123" hits="0"/>
						<line number="125" hits="1"/>
						<line number="126" hits="1" branch="true" condition-coverage="100% (2/2)"/>
						<line number="127" hits="0"/>
						<line number="128" hits="0"/>
						<line number="130" hits="1"/>
						<line number="131" hits="1" branch="true" condition-coverage="100% (2/2)"/>
						<line number="132" hits="0"/>
						<line number="133" hits="0"/>
						<line number="135" hits="1"/>
						<line number="136" hits="1" branch="true" condition-coverage="100% (2/2)"/>
						<line number="137" hits="0"/>
						<line number="138" hits="0"/>
						<line number="140" hits="1"/>
						<line number="141" hits="1" branch="true" condition-coverage="100% (2/2)"/>
						<line number="142" hits="0"/>
						<line number="143" hits="0"/>
						<line number="145" hits="1"/>
						<line number="146" hits="1" branch="true" condition-coverage="100% (2/2)"/>
						<line number="147" hits="0"/>
						<line number="148" hits="0"/>
						<line number="150" hits="1"/>
						<line number="151" hits="1" branch="true" condition-coverage="100% (2/2)"/>
						<line number="152" hits="0"/>
						<line number="153" hits="0"/>
						<line number="155" hits="1"/>
						<line number="156" hits="1" branch="true" condition-coverage="100% (2/2)"/>
						<line number="157" hits="0"/>
						<line number="158" hits="0"/>
						<line number="160" hits="1"/>
						<line number="161" hits="0"/>
						<line number="162" hits="0"/>
						<line number="164" hits="1"/>
						<line number="165" hits="1" branch="true" condition-coverage="100% (2/2)"/>
						<line number="166" hits="0"/>
						<line number="167" hits="0"/>
						<line number="169" hits="1"/>
						<line number="170" hits="1" branch="true" condition-coverage="100% (2/2)"/>
						<line number="171" hits="0"/>
						<line number="172" hits="0"/>
						<line number="174" hits="1"/>
						<line number="175" hits="1" branch="true" condition-coverage="100% (2/2)"/>
						<line number="176" hits="0"/>
						<line number="177" hits="0"/>
						<line number="179" hits="1"/>
						<line number="180" hits="1" branch="true" condition-coverage="100% (2/2)"/>
						<line number="181" hits="0"/>
						<line number="182" hits="0"/>
						<line number="184" hits="1"/>
						<line number="185" hits="1" branch="true" condition-coverage="100% (2/2)"/>
						<line number="186" hits="0"/>
						<line number="187" hits="0"/>
						<line number="189" hits="1"/>
						<line number="190" hits="1" branch="true" condition-coverage="100% (2/2)"/>
						<line number="191" hits="0"/>
						<line number="192" hits="0"/>
						<line number="194" hits="1"/>
						<line number="203" hits="1"/>
						<line number="212" hits="1"/>
						<line number="213" hits="1" branch="true" condition-coverage="100% (2/2)"/>
						<line number="214" hits="0"/>
						<line number="215" hits="0"/>
						<line number="217" hits="1"/>
						<line number="218" hits="1" branch="true" condition-coverage="100% (2/2)"/>
						<line number="219" hits="0"/>
						<line number="220" hits="0"/>
						<line number="222" hits="1"/>
						<line number="223" hits="1" branch="true" condition-coverage="100% (2/2)"/>
						<line number="224" hits="0"/>
						<line number="225" hits="0"/>
						<line number="227" hits="1"/>
						<line number="228" hits="1" branch="true" condition-coverage="100% (2/2)"/>
						<line number="229" hits="0"/>
						<line number="230" hits="0"/>
						<line number="232" hits="1"/>
						<line number="233" hits="1" branch="true" condition-coverage="100% (2/2)"/>
						<line number="234" hits="0"/>
						<line number="235" hits="0"/>
						<line number="237" hits="1"/>
						<line number="238" hits="1" branch="true" condition-coverage="100% (2/2)"/>
						<line number="239" hits="0"/>
						<line number="240" hits="0"/>
						<line number="242" hits="1"/>
						<line number="243" hits="1" branch="true" condition-coverage="100% (2/2)"/>
						<line number="244" hits="0"/>
						<line number="245" hits="0"/>
						<line number="247" hits="1"/>
						<line number="248" hits="1" branch="true" condition-coverage="100% (2/2)"/>
						<line number="249" hits="0"/>
						<line number="250" hits="0"/>
						<line number="252" hits="1"/>
						<line number="253" hits="1" branch="true" condition-coverage="100% (2/2)"/>
						<line number="254" hits="0"/>
						<line number="255" hits="0"/>
						<line number="257" hits="1"/>
						<line number="258" hits="1" branch="true" condition-coverage="100% (2/2)"/>
						<line number="259" hits="0"/>
						<line number="260" hits="0"/>
						<line number="262" hits="1"/>
						<line number="263" hits="1" branch="true" condition-coverage="100% (2/2)"/>
						<line number="264" hits="0"/>
						<line number="265" hits="0"/>
						<line number="267" hits="1"/>
						<line number="268" hits="1" branch="true" condition-coverage="100% (2/2)"/>
						<line number="269" hits="0"/>
						<line number="270" hits="0"/>
						<line number="272" hits="1"/>
						<line number="273" hits="1" branch="true" condition-coverage="100% (2/2)"/>
						<line number="274" hits="0"/>
						<line number="275" hits="0"/>
						<line number="277" hits="1"/>
						<line number="278" hits="1" branch="true" condition-coverage="100% (2/2)"/>
						<line number="279" hits="0"/>
						<line number="280" hits="0"/>
						<line number="282" hits="1"/>
						<line number="283" hits="1" branch="true" condition-coverage="100% (2/2)"/>
						<line number="284" hits="0"/>
						<line number="285" hits="0"/>
						<line number="287" hits="1"/>
						<line number="288" hits="1" branch="true" condition-coverage="100% (2/2)"/>
						<line number="289" hits="0"/>
						<line number="290" hits="0"/>
						<line number="292" hits="1"/>
						<line number="293" hits="1" branch="true" condition-coverage="100% (2/2)"/>
						<line number="294" hits="0"/>
						<line number="295" hits="0"/>
						<line number="297" hits="1"/>
						<line number="298" hits="1" branch="true" condition-coverage="100% (2/2)"/>
						<line number="299" hits="0"/>
						<line number="300" hits="0"/>
						<line number="302" hits="1"/>
						<line number="303" hits="1" branch="true" condition-coverage="100% (2/2)"/>
						<line number="304" hits="0"/>
						<line number="305" hits="0"/>
						<line number="307" hits="1"/>
						<line number="308" hits="1" branch="true" condition-coverage="100% (2/2)"/>
						<line number="309" hits="0"/>
						<line number="310" hits="0"/>
						<line number="312" hits="1"/>
						<line number="313" hits="1" branch="true" condition-coverage="100% (2/2)"/>
						<line number="314" hits="0"/>
						<line number="315" hits="0"/>
						<line number="317" hits="1"/>
						<line number="318" hits="1" branch="true" condition-coverage="100% (2/2)"/>
						<line number="319" hits="0"/>
						<line number="320" hits="0"/>
						<line number="322" hits="1"/>
						<line number="323" hits="1" branch="true" condition-coverage="100% (2/2)"/>
						<line number="324" hits="0"/>
						<line number="325" hits="0"/>
						<line number="327" hits="1"/>
						<line number="328" hits="1" branch="true" condition-coverage="100% (2/2)"/>
						<line number="329" hits="0"/>
						<line number="330" hits="0"/>
						<line number="332" hits="1"/>
						<line number="333" hits="1" branch="true" condition-coverage="100% (2/2)"/>
						<line number="334" hits="0"/>
						<line number="335" hits="0"/>
						<line number="337" hits="1"/>
						<line number="338" hits="1" branch="true" condition-coverage="100% (2/2)"/>
						<line number="339" hits="0"/>
						<line number="340" hits="0"/>
						<line number="342" hits="1"/>
						<line number="343" hits="1" branch="true" condition-coverage="100% (2/2)"/>
						<line number="344" hits="0"/>
						<line number="345" hits="0"/>
						<line number="347" hits="1"/>
						<line number="348" hits="1" branch="true" condition-coverage="100% (2/2)"/>
						<line number="349" hits="0"/>
						<line number="350" hits="0"/>
						<line number="352" hits="1"/>
						<line number="353" hits="1" branch="true" condition-coverage="100% (2/2)"/>
						<line number="354" hits="0"/>
						<line number="355" hits="0"/>
						<line number="357" hits="1"/>
						<line number="358" hits="1" branch="true" condition-coverage="100% (2/2)"/>
						<line number="359" hits="0"/>
						<line number="360" hits="0"/>
						<line number="362" hits="1"/>
						<line number="363" hits="1" branch="true" condition-coverage="100% (2/2)"/>
						<line number="364" hits="0"/>
						<line number="365" hits="0"/>
						<line number="367" hits="1"/>
						<line number="368" hits="1" branch="true" condition-coverage="100% (2/2)"/>
						<line number="369" hits="0"/>
						<line number="370" hits="0"/>
						<line number="372" hits="1"/>
						<line number="373" hits="1" branch="true" condition-coverage="100% (2/2)"/>
						<line number="374" hits="0"/>
						<line number="375" hits="0"/>
						<line number="377" hits="1"/>
						<line number="378" hits="1" branch="true" condition-coverage="100% (2/2)"/>
						<line number="379" hits="0"/>
						<line number="380" hits="0"/>
						<line number="382" hits="1"/>
						<line number="383" hits="1" branch="true" condition-coverage="100% (2/2)"/>
						<line number="384" hits="0"/>
						<line number="385" hits="0"/>
						<line number="387" hits="1"/>
						<line number="388" hits="1" branch="true" condition-coverage="100% (2/2)"/>
						<line number="389" hits="0"/>
						<line number="390" hits="0"/>
						<line number="392" hits="1"/>
						<line number="393" hits="1" branch="true" condition-coverage="100% (2/2)"/>
						<line number="394" hits="0"/>
						<line number="395" hits="0"/>
						<line number="397" hits="1"/>
						<line number="398" hits="1" branch="true" condition-coverage="100% (2/2)"/>
						<line number="399" hits="0"/>
						<line number="400" hits="0"/>
						<line number="402" hits="1"/>
						<line number="403" hits="1" branch="true" condition-coverage="100% (2/2)"/>
						<line number="404" hits="0"/>
						<line number="405" hits="0"/>
						<line number="407" hits="1"/>
						<line number="408" hits="1" branch="true" condition-coverage="100% (2/2)"/>
						<line number="409" hits="0"/>
						<line number="410" hits="0"/>
						<line number="412" hits="1"/>
						<line number="413" hits="1" branch="true" condition-coverage="100% (2/2)"/>
						<line number="414" hits="0"/>
						<line number="415" hits="0"/>
						<line number="417" hits="1"/>
						<line number="418" hits="1" branch="true" condition-coverage="100% (2/2)"/>
						<line number="419" hits="0"/>
						<line number="420" hits="0"/>
						<line number="422" hits="1"/>
						<line number="423" hits="1" branch="true" condition-coverage="100% (2/2)"/>
						<line number="424" hits="0"/>
						<line number="425" hits="0"/>
					</lines>
				</class>
				<class name="astrometry_net_wcs.py" filename="pyscope/observatory/astrometry_net_wcs.py" complexity="0" line-rate="0.2963" branch-rate="0">
					<methods/>
					<lines>
						<line number="1" hits="1"/>
						<line number="2" hits="1"/>
						<line number="4" hits="1"/>
						<line number="6" hits="1"/>
						<line number="8" hits="1"/>
						<line number="11" hits="1"/>
						<line number="12" hits="1"/>
						<line number="13" hits="0"/>
						<line number="16" hits="0"/>
						<line number="18" hits="0"/>
						<line number="20" hits="1"/>
						<line number="21" hits="0"/>
						<line number="23" hits="0"/>
						<line number="24" hits="0"/>
						<line number="25" hits="0" branch="true" condition-coverage="0% (0/2)" missing-branches="26,40"/>
						<line number="26" hits="0"/>
						<line number="27" hits="0" branch="true" condition-coverage="0% (0/2)" missing-branches="28,32"/>
						<line number="28" hits="0"/>
						<line number="32" hits="0"/>
						<line number="35" hits="0"/>
						<line number="36" hits="0"/>
						<line number="38" hits="0"/>
						<line number="40" hits="0" branch="true" condition-coverage="0% (0/2)" missing-branches="41,45"/>
						<line number="41" hits="0" branch="true" condition-coverage="0% (0/2)" missing-branches="exit,42"/>
						<line number="42" hits="0"/>
						<line number="43" hits="0"/>
						<line number="45" hits="0"/>
					</lines>
				</class>
				<class name="autofocus.py" filename="pyscope/observatory/autofocus.py" complexity="0" line-rate="1" branch-rate="1">
					<methods/>
					<lines>
						<line number="1" hits="1"/>
						<line number="3" hits="1"/>
						<line number="6" hits="1"/>
					</lines>
				</class>
				<class name="camera.py" filename="pyscope/observatory/camera.py" complexity="0" line-rate="1" branch-rate="1">
					<methods/>
					<lines>
						<line number="1" hits="1"/>
						<line number="3" hits="1"/>
						<line number="6" hits="1"/>
						<line number="27" hits="1"/>
						<line number="32" hits="1"/>
						<line number="37" hits="1"/>
						<line number="42" hits="1"/>
						<line number="47" hits="1"/>
						<line number="52" hits="1"/>
						<line number="57" hits="1"/>
						<line number="62" hits="1"/>
						<line number="67" hits="1"/>
						<line number="72" hits="1"/>
						<line number="77" hits="1"/>
						<line number="82" hits="1"/>
						<line number="87" hits="1"/>
						<line number="92" hits="1"/>
						<line number="97" hits="1"/>
						<line number="102" hits="1"/>
						<line number="107" hits="1"/>
						<line number="112" hits="1"/>
						<line number="117" hits="1"/>
						<line number="122" hits="1"/>
						<line number="127" hits="1"/>
						<line number="132" hits="1"/>
						<line number="137" hits="1"/>
						<line number="142" hits="1"/>
						<line number="147" hits="1"/>
						<line number="152" hits="1"/>
						<line number="157" hits="1"/>
						<line number="162" hits="1"/>
						<line number="167" hits="1"/>
						<line number="172" hits="1"/>
						<line number="177" hits="1"/>
						<line number="182" hits="1"/>
						<line number="187" hits="1"/>
						<line number="192" hits="1"/>
						<line number="197" hits="1"/>
						<line number="202" hits="1"/>
						<line number="207" hits="1"/>
						<line number="212" hits="1"/>
						<line number="217" hits="1"/>
						<line number="222" hits="1"/>
						<line number="227" hits="1"/>
						<line number="232" hits="1"/>
						<line number="237" hits="1"/>
						<line number="242" hits="1"/>
						<line number="247" hits="1"/>
						<line number="252" hits="1"/>
						<line number="257" hits="1"/>
						<line number="262" hits="1"/>
						<line number="267" hits="1"/>
						<line number="272" hits="1"/>
						<line number="277" hits="1"/>
						<line number="282" hits="1"/>
						<line number="287" hits="1"/>
						<line number="292" hits="1"/>
						<line number="297" hits="1"/>
						<line number="302" hits="1"/>
						<line number="307" hits="1"/>
						<line number="312" hits="1"/>
						<line number="317" hits="1"/>
						<line number="322" hits="1"/>
						<line number="327" hits="1"/>
						<line number="332" hits="1"/>
						<line number="337" hits="1"/>
						<line number="342" hits="1"/>
						<line number="347" hits="1"/>
						<line number="352" hits="1"/>
						<line number="357" hits="1"/>
					</lines>
				</class>
				<class name="collect_calibration_set.py" filename="pyscope/observatory/collect_calibration_set.py" complexity="0" line-rate="0.2258" branch-rate="0.3714">
					<methods/>
					<lines>
						<line number="1" hits="1"/>
						<line number="3" hits="1"/>
						<line number="4" hits="1"/>
						<line number="6" hits="1"/>
						<line number="7" hits="1"/>
						<line number="9" hits="1"/>
						<line number="11" hits="1"/>
						<line number="21" hits="1" branch="true" condition-coverage="100% (2/2)"/>
						<line number="26" hits="1" branch="true" condition-coverage="100% (2/2)"/>
						<line number="34" hits="1" branch="true" condition-coverage="100% (2/2)"/>
						<line number="42" hits="1" branch="true" condition-coverage="100% (2/2)"/>
						<line number="51" hits="1" branch="true" condition-coverage="100% (2/2)"/>
						<line number="58" hits="1" branch="true" condition-coverage="100% (2/2)"/>
						<line number="65" hits="1" branch="true" condition-coverage="100% (2/2)"/>
						<line number="74" hits="1" branch="true" condition-coverage="100% (2/2)"/>
						<line number="83" hits="1" branch="true" condition-coverage="100% (2/2)"/>
						<line number="91" hits="1" branch="true" condition-coverage="100% (2/2)"/>
						<line number="99" hits="1" branch="true" condition-coverage="100% (2/2)"/>
						<line number="107" hits="1" branch="true" condition-coverage="100% (2/2)"/>
						<line number="108" hits="1" branch="true" condition-coverage="100% (2/2)"/>
						<line number="120" hits="0" branch="true" condition-coverage="0% (0/2)" missing-branches="121,123"/>
						<line number="121" hits="0"/>
						<line number="122" hits="0"/>
						<line number="123" hits="0" branch="true" condition-coverage="0% (0/2)" missing-branches="124,127"/>
						<line number="124" hits="0"/>
						<line number="125" hits="0"/>
						<line number="127" hits="0"/>
						<line number="128" hits="0"/>
						<line number="130" hits="0" branch="true" condition-coverage="0% (0/2)" missing-branches="131,132"/>
						<line number="131" hits="0"/>
						<line number="132" hits="0" branch="true" condition-coverage="0% (0/2)" missing-branches="exit,134"/>
						<line number="134" hits="0"/>
						<line number="136" hits="0"/>
						<line number="140" hits="0" branch="true" condition-coverage="0% (0/2)" missing-branches="141,142"/>
						<line number="141" hits="0"/>
						<line number="142" hits="0"/>
						<line number="144" hits="0"/>
						<line number="145" hits="0"/>
						<line number="154" hits="0" branch="true" condition-coverage="0% (0/2)" missing-branches="155,158"/>
						<line number="155" hits="0"/>
						<line number="156" hits="0"/>
						<line number="158" hits="0" branch="true" condition-coverage="0% (0/2)" missing-branches="159,172"/>
						<line number="159" hits="0"/>
						<line number="160" hits="0"/>
						<line number="168" hits="0" branch="true" condition-coverage="0% (0/2)" missing-branches="169,172"/>
						<line number="169" hits="0"/>
						<line number="170" hits="0"/>
						<line number="172" hits="0"/>
						<line number="173" hits="0"/>
						<line number="181" hits="0" branch="true" condition-coverage="0% (0/2)" missing-branches="182,185"/>
						<line number="182" hits="0"/>
						<line number="183" hits="0"/>
						<line number="185" hits="0" branch="true" condition-coverage="0% (0/2)" missing-branches="186,198"/>
						<line number="186" hits="0"/>
						<line number="187" hits="0"/>
						<line number="195" hits="0" branch="true" condition-coverage="0% (0/2)" missing-branches="196,201"/>
						<line number="196" hits="0"/>
						<line number="197" hits="0"/>
						<line number="198" hits="0" branch="true" condition-coverage="0% (0/2)" missing-branches="199,201"/>
						<line number="199" hits="0"/>
						<line number="201" hits="0"/>
						<line number="203" hits="0"/>
						<line number="204" hits="0"/>
						<line number="206" hits="0" branch="true" condition-coverage="0% (0/2)" missing-branches="207,314"/>
						<line number="207" hits="0"/>
						<line number="208" hits="0" branch="true" condition-coverage="0% (0/2)" missing-branches="206,209"/>
						<line number="209" hits="0"/>
						<line number="210" hits="0"/>
						<line number="211" hits="0" branch="true" condition-coverage="0% (0/2)" missing-branches="212,236"/>
						<line number="212" hits="0"/>
						<line number="213" hits="0" branch="true" condition-coverage="0% (0/2)" missing-branches="214,224"/>
						<line number="214" hits="0"/>
						<line number="224" hits="0"/>
						<line number="236" hits="0" branch="true" condition-coverage="0% (0/2)" missing-branches="237,262"/>
						<line number="237" hits="0"/>
						<line number="238" hits="0"/>
						<line number="239" hits="0" branch="true" condition-coverage="0% (0/2)" missing-branches="240,250"/>
						<line number="240" hits="0"/>
						<line number="250" hits="0"/>
						<line number="262" hits="0"/>
						<line number="263" hits="0" branch="true" condition-coverage="0% (0/2)" missing-branches="208,264"/>
						<line number="264" hits="0"/>
						<line number="265" hits="0" branch="true" condition-coverage="0% (0/2)" missing-branches="266,276"/>
						<line number="266" hits="0"/>
						<line number="276" hits="0"/>
						<line number="288" hits="0" branch="true" condition-coverage="0% (0/2)" missing-branches="263,289"/>
						<line number="289" hits="0"/>
						<line number="290" hits="0"/>
						<line number="291" hits="0" branch="true" condition-coverage="0% (0/2)" missing-branches="292,302"/>
						<line number="292" hits="0"/>
						<line number="302" hits="0"/>
						<line number="314" hits="0"/>
						<line number="317" hits="1"/>
					</lines>
				</class>
				<class name="cover_calibrator.py" filename="pyscope/observatory/cover_calibrator.py" complexity="0" line-rate="1" branch-rate="1">
					<methods/>
					<lines>
						<line number="1" hits="1"/>
						<line number="3" hits="1"/>
						<line number="6" hits="1"/>
						<line number="31" hits="1"/>
						<line number="36" hits="1"/>
						<line number="41" hits="1"/>
						<line number="46" hits="1"/>
					</lines>
				</class>
				<class name="device.py" filename="pyscope/observatory/device.py" complexity="0" line-rate="1" branch-rate="1">
					<methods/>
					<lines>
						<line number="1" hits="1"/>
						<line number="3" hits="1"/>
						<line number="6" hits="1"/>
						<line number="11" hits="1"/>
						<line number="16" hits="1"/>
						<line number="21" hits="1"/>
					</lines>
				</class>
				<class name="dome.py" filename="pyscope/observatory/dome.py" complexity="0" line-rate="1" branch-rate="1">
					<methods/>
					<lines>
						<line number="1" hits="1"/>
						<line number="3" hits="1"/>
						<line number="6" hits="1"/>
						<line number="47" hits="1"/>
						<line number="52" hits="1"/>
						<line number="57" hits="1"/>
						<line number="62" hits="1"/>
						<line number="67" hits="1"/>
						<line number="72" hits="1"/>
						<line number="77" hits="1"/>
						<line number="82" hits="1"/>
						<line number="87" hits="1"/>
						<line number="92" hits="1"/>
						<line number="97" hits="1"/>
						<line number="102" hits="1"/>
						<line number="107" hits="1"/>
						<line number="112" hits="1"/>
						<line number="117" hits="1"/>
					</lines>
				</class>
				<class name="filter_wheel.py" filename="pyscope/observatory/filter_wheel.py" complexity="0" line-rate="1" branch-rate="1">
					<methods/>
					<lines>
						<line number="1" hits="1"/>
						<line number="3" hits="1"/>
						<line number="6" hits="1"/>
						<line number="11" hits="1"/>
						<line number="16" hits="1"/>
						<line number="21" hits="1"/>
						<line number="26" hits="1"/>
					</lines>
				</class>
				<class name="focuser.py" filename="pyscope/observatory/focuser.py" complexity="0" line-rate="1" branch-rate="1">
					<methods/>
					<lines>
						<line number="1" hits="1"/>
						<line number="3" hits="1"/>
						<line number="6" hits="1"/>
						<line number="19" hits="1"/>
						<line number="24" hits="1"/>
						<line number="29" hits="1"/>
						<line number="34" hits="1"/>
						<line number="39" hits="1"/>
						<line number="44" hits="1"/>
						<line number="49" hits="1"/>
						<line number="54" hits="1"/>
						<line number="59" hits="1"/>
						<line number="64" hits="1"/>
						<line number="69" hits="1"/>
						<line number="74" hits="1"/>
					</lines>
				</class>
				<class name="html_observing_conditions.py" filename="pyscope/observatory/html_observing_conditions.py" complexity="0" line-rate="0.2222" branch-rate="0.4848">
					<methods/>
					<lines>
						<line number="1" hits="1"/>
						<line number="2" hits="1"/>
						<line number="4" hits="1"/>
						<line number="5" hits="1"/>
						<line number="7" hits="1"/>
						<line number="10" hits="1"/>
						<line number="11" hits="1"/>
						<line number="57" hits="0"/>
						<line number="102" hits="0"/>
						<line number="104" hits="0"/>
						<line number="105" hits="0"/>
						<line number="106" hits="0"/>
						<line number="107" hits="0"/>
						<line number="108" hits="0"/>
						<line number="109" hits="0"/>
						<line number="110" hits="0"/>
						<line number="111" hits="0"/>
						<line number="112" hits="0"/>
						<line number="113" hits="0"/>
						<line number="114" hits="0"/>
						<line number="115" hits="0"/>
						<line number="116" hits="0"/>
						<line number="117" hits="0"/>
						<line number="118" hits="0"/>
						<line number="119" hits="0"/>
						<line number="120" hits="0"/>
						<line number="121" hits="0"/>
						<line number="122" hits="0"/>
						<line number="123" hits="0"/>
						<line number="124" hits="0"/>
						<line number="125" hits="0"/>
						<line number="126" hits="0"/>
						<line number="127" hits="0"/>
						<line number="128" hits="0"/>
						<line number="129" hits="0"/>
						<line number="130" hits="0"/>
						<line number="131" hits="0"/>
						<line number="132" hits="0"/>
						<line number="133" hits="0"/>
						<line number="134" hits="0"/>
						<line number="135" hits="0"/>
						<line number="136" hits="0"/>
						<line number="137" hits="0"/>
						<line number="138" hits="0"/>
						<line number="139" hits="0"/>
						<line number="140" hits="0"/>
						<line number="141" hits="0"/>
						<line number="142" hits="0"/>
						<line number="143" hits="0"/>
						<line number="144" hits="0"/>
						<line number="145" hits="0"/>
						<line number="146" hits="0"/>
						<line number="147" hits="0"/>
						<line number="148" hits="0"/>
						<line number="149" hits="0"/>
						<line number="150" hits="0"/>
						<line number="151" hits="0"/>
						<line number="152" hits="0"/>
						<line number="153" hits="0"/>
						<line number="154" hits="0"/>
						<line number="155" hits="0"/>
						<line number="156" hits="0"/>
						<line number="157" hits="0"/>
						<line number="158" hits="0"/>
						<line number="159" hits="0"/>
						<line number="161" hits="0"/>
						<line number="163" hits="1"/>
						<line number="164" hits="0"/>
						<line number="165" hits="0"/>
						<line number="166" hits="0"/>
						<line number="168" hits="0" branch="true" condition-coverage="0% (0/2)" missing-branches="exit,169"/>
						<line number="169" hits="0"/>
						<line number="175" hits="0"/>
						<line number="181" hits="0"/>
						<line number="187" hits="0"/>
						<line number="193" hits="0"/>
						<line number="199" hits="0"/>
						<line number="205" hits="0"/>
						<line number="211" hits="0"/>
						<line number="217" hits="0"/>
						<line number="223" hits="0"/>
						<line number="229" hits="0"/>
						<line number="235" hits="0"/>
						<line number="241" hits="0"/>
						<line number="247" hits="0"/>
						<line number="254" hits="0" branch="true" condition-coverage="0% (0/2)" missing-branches="255,256"/>
						<line number="255" hits="0"/>
						<line number="256" hits="0" branch="true" condition-coverage="0% (0/2)" missing-branches="257,258"/>
						<line number="257" hits="0"/>
						<line number="258" hits="0" branch="true" condition-coverage="0% (0/2)" missing-branches="259,260"/>
						<line number="259" hits="0"/>
						<line number="260" hits="0" branch="true" condition-coverage="0% (0/2)" missing-branches="261,262"/>
						<line number="261" hits="0"/>
						<line number="262" hits="0" branch="true" condition-coverage="0% (0/2)" missing-branches="263,264"/>
						<line number="263" hits="0"/>
						<line number="264" hits="0" branch="true" condition-coverage="0% (0/2)" missing-branches="265,266"/>
						<line number="265" hits="0"/>
						<line number="266" hits="0" branch="true" condition-coverage="0% (0/2)" missing-branches="267,268"/>
						<line number="267" hits="0"/>
						<line number="268" hits="0" branch="true" condition-coverage="0% (0/2)" missing-branches="269,270"/>
						<line number="269" hits="0"/>
						<line number="270" hits="0" branch="true" condition-coverage="0% (0/2)" missing-branches="271,272"/>
						<line number="271" hits="0"/>
						<line number="272" hits="0" branch="true" condition-coverage="0% (0/2)" missing-branches="273,274"/>
						<line number="273" hits="0"/>
						<line number="274" hits="0" branch="true" condition-coverage="0% (0/2)" missing-branches="275,276"/>
						<line number="275" hits="0"/>
						<line number="276" hits="0" branch="true" condition-coverage="0% (0/2)" missing-branches="277,278"/>
						<line number="277" hits="0"/>
						<line number="278" hits="0" branch="true" condition-coverage="0% (0/2)" missing-branches="279,280"/>
						<line number="279" hits="0"/>
						<line number="280" hits="0" branch="true" condition-coverage="0% (0/2)" missing-branches="168,281"/>
						<line number="281" hits="0"/>
						<line number="283" hits="1"/>
						<line number="284" hits="0"/>
						<line number="285" hits="0"/>
						<line number="287" hits="1"/>
						<line number="288" hits="0"/>
						<line number="291" hits="0"/>
						<line number="292" hits="0"/>
						<line number="294" hits="0" branch="true" condition-coverage="0% (0/2)" missing-branches="295,304"/>
						<line number="295" hits="0"/>
						<line number="301" hits="0" branch="true" condition-coverage="0% (0/2)" missing-branches="294,302"/>
						<line number="302" hits="0"/>
						<line number="304" hits="0"/>
						<line number="306" hits="1"/>
						<line number="307" hits="1" branch="true" condition-coverage="100% (2/2)"/>
						<line number="308" hits="0"/>
						<line number="309" hits="0"/>
						<line number="311" hits="1"/>
						<line number="312" hits="1" branch="true" condition-coverage="100% (2/2)"/>
						<line number="313" hits="0"/>
						<line number="314" hits="0"/>
						<line number="316" hits="1"/>
						<line number="317" hits="1" branch="true" condition-coverage="100% (2/2)"/>
						<line number="318" hits="0"/>
						<line number="319" hits="0"/>
						<line number="321" hits="1"/>
						<line number="322" hits="1" branch="true" condition-coverage="100% (2/2)"/>
						<line number="323" hits="0"/>
						<line number="324" hits="0"/>
						<line number="326" hits="1"/>
						<line number="327" hits="1" branch="true" condition-coverage="100% (2/2)"/>
						<line number="328" hits="0"/>
						<line number="329" hits="0"/>
						<line number="331" hits="1"/>
						<line number="332" hits="1" branch="true" condition-coverage="100% (2/2)"/>
						<line number="333" hits="0"/>
						<line number="334" hits="0"/>
						<line number="336" hits="1"/>
						<line number="337" hits="1" branch="true" condition-coverage="100% (2/2)"/>
						<line number="338" hits="0"/>
						<line number="339" hits="0"/>
						<line number="341" hits="1"/>
						<line number="342" hits="1" branch="true" condition-coverage="100% (2/2)"/>
						<line number="343" hits="0"/>
						<line number="344" hits="0"/>
						<line number="346" hits="1"/>
						<line number="347" hits="1" branch="true" condition-coverage="100% (2/2)"/>
						<line number="348" hits="0"/>
						<line number="349" hits="0"/>
						<line number="351" hits="1"/>
						<line number="352" hits="1" branch="true" condition-coverage="100% (2/2)"/>
						<line number="353" hits="0"/>
						<line number="354" hits="0"/>
						<line number="356" hits="1"/>
						<line number="357" hits="1" branch="true" condition-coverage="100% (2/2)"/>
						<line number="358" hits="0"/>
						<line number="359" hits="0"/>
						<line number="361" hits="1"/>
						<line number="362" hits="1" branch="true" condition-coverage="100% (2/2)"/>
						<line number="363" hits="0"/>
						<line number="364" hits="0"/>
						<line number="366" hits="1"/>
						<line number="367" hits="1" branch="true" condition-coverage="100% (2/2)"/>
						<line number="368" hits="0"/>
						<line number="369" hits="0"/>
						<line number="371" hits="1"/>
						<line number="372" hits="1" branch="true" condition-coverage="100% (2/2)"/>
						<line number="373" hits="0"/>
						<line number="374" hits="0"/>
						<line number="376" hits="1"/>
						<line number="377" hits="1" branch="true" condition-coverage="100% (2/2)"/>
						<line number="378" hits="0"/>
						<line number="379" hits="0"/>
						<line number="381" hits="1"/>
						<line number="382" hits="1" branch="true" condition-coverage="100% (2/2)"/>
						<line number="383" hits="0"/>
						<line number="384" hits="0"/>
					</lines>
				</class>
[...]
						<line number="2444" hits="0"/>
						<line number="2445" hits="0"/>
						<line number="2447" hits="0"/>
						<line number="2450" hits="0"/>
						<line number="2451" hits="0"/>
						<line number="2453" hits="0"/>
						<line number="2456" hits="0"/>
						<line number="2457" hits="0"/>
						<line number="2459" hits="0"/>
						<line number="2491" hits="0"/>
						<line number="2493" hits="0"/>
						<line number="2494" hits="0"/>
						<line number="2496" hits="0"/>
						<line number="2497" hits="0"/>
						<line number="2498" hits="0"/>
						<line number="2500" hits="0"/>
						<line number="2501" hits="0"/>
						<line number="2502" hits="0"/>
						<line number="2503" hits="0"/>
						<line number="2504" hits="0"/>
						<line number="2505" hits="0"/>
						<line number="2507" hits="0"/>
						<line number="2508" hits="0"/>
						<line number="2511" hits="0"/>
						<line number="2512" hits="0"/>
						<line number="2514" hits="1"/>
						<line number="2515" hits="0"/>
						<line number="2516" hits="0"/>
						<line number="2517" hits="0"/>
						<line number="2518" hits="0"/>
						<line number="2520" hits="0" branch="true" condition-coverage="0% (0/2)" missing-branches="2521,2523"/>
						<line number="2521" hits="0"/>
						<line number="2523" hits="0" branch="true" condition-coverage="0% (0/2)" missing-branches="exit,2568"/>
						<line number="2568" hits="0" branch="true" condition-coverage="0% (0/2)" missing-branches="2569,2602"/>
						<line number="2569" hits="0" branch="true" condition-coverage="0% (0/2)" missing-branches="2570,2602"/>
						<line number="2570" hits="0"/>
						<line number="2571" hits="0" branch="true" condition-coverage="0% (0/2)" missing-branches="2572,2575"/>
						<line number="2572" hits="0" branch="true" condition-coverage="0% (0/2)" missing-branches="2571,2573"/>
						<line number="2573" hits="0"/>
						<line number="2575" hits="0"/>
						<line number="2576" hits="0" branch="true" condition-coverage="0% (0/2)" missing-branches="2577,2584"/>
						<line number="2577" hits="0"/>
						<line number="2584" hits="0"/>
						<line number="2585" hits="0" branch="true" condition-coverage="0% (0/2)" missing-branches="2586,2593"/>
						<line number="2586" hits="0"/>
						<line number="2593" hits="0"/>
						<line number="2594" hits="0" branch="true" condition-coverage="0% (0/2)" missing-branches="2569,2595"/>
						<line number="2595" hits="0"/>
						<line number="2602" hits="0"/>
						<line number="2605" hits="1"/>
						<line number="2606" hits="1"/>
						<line number="2607" hits="0"/>
						<line number="2608" hits="0"/>
						<line number="2610" hits="0"/>
						<line number="2611" hits="0"/>
						<line number="2613" hits="1"/>
						<line number="2614" hits="0"/>
						<line number="2615" hits="0"/>
						<line number="2616" hits="0"/>
						<line number="2617" hits="0"/>
						<line number="2618" hits="0"/>
						<line number="2619" hits="0"/>
						<line number="2620" hits="0"/>
						<line number="2621" hits="0"/>
						<line number="2622" hits="0"/>
						<line number="2623" hits="0"/>
						<line number="2624" hits="0"/>
						<line number="2625" hits="0"/>
						<line number="2626" hits="0"/>
						<line number="2628" hits="0"/>
						<line number="2629" hits="0"/>
						<line number="2630" hits="0"/>
						<line number="2631" hits="0"/>
						<line number="2632" hits="0"/>
						<line number="2633" hits="0"/>
						<line number="2634" hits="0"/>
						<line number="2635" hits="0"/>
						<line number="2636" hits="0"/>
						<line number="2637" hits="0"/>
						<line number="2638" hits="0"/>
						<line number="2639" hits="0"/>
						<line number="2640" hits="0"/>
						<line number="2642" hits="0"/>
						<line number="2643" hits="0"/>
						<line number="2644" hits="0"/>
						<line number="2645" hits="0"/>
						<line number="2646" hits="0"/>
						<line number="2647" hits="0"/>
						<line number="2648" hits="0"/>
						<line number="2649" hits="0"/>
						<line number="2651" hits="0"/>
						<line number="2652" hits="0"/>
						<line number="2653" hits="0"/>
						<line number="2654" hits="0"/>
						<line number="2655" hits="0"/>
						<line number="2657" hits="0"/>
						<line number="2658" hits="0"/>
						<line number="2659" hits="0"/>
						<line number="2660" hits="0"/>
						<line number="2661" hits="0"/>
						<line number="2662" hits="0"/>
						<line number="2663" hits="0"/>
						<line number="2664" hits="0"/>
						<line number="2665" hits="0"/>
						<line number="2666" hits="0"/>
						<line number="2667" hits="0"/>
						<line number="2668" hits="0"/>
						<line number="2669" hits="0"/>
						<line number="2670" hits="0"/>
						<line number="2672" hits="0"/>
						<line number="2673" hits="0"/>
						<line number="2674" hits="0"/>
						<line number="2675" hits="0"/>
						<line number="2676" hits="0"/>
						<line number="2677" hits="0"/>
						<line number="2678" hits="0"/>
						<line number="2681" hits="0"/>
						<line number="2682" hits="0"/>
						<line number="2683" hits="0"/>
						<line number="2684" hits="0"/>
						<line number="2686" hits="0"/>
						<line number="2687" hits="0"/>
						<line number="2688" hits="0"/>
						<line number="2689" hits="0"/>
						<line number="2690" hits="0"/>
						<line number="2691" hits="0"/>
						<line number="2692" hits="0"/>
						<line number="2693" hits="0"/>
						<line number="2694" hits="0"/>
						<line number="2695" hits="0"/>
						<line number="2696" hits="0"/>
						<line number="2697" hits="0"/>
						<line number="2698" hits="0"/>
						<line number="2700" hits="0"/>
						<line number="2702" hits="1"/>
						<line number="2703" hits="0" branch="true" condition-coverage="0% (0/2)" missing-branches="2704,2706"/>
						<line number="2704" hits="0"/>
						<line number="2706" hits="0"/>
						<line number="2707" hits="0"/>
						<line number="2708" hits="0"/>
						<line number="2709" hits="0"/>
						<line number="2710" hits="0"/>
						<line number="2713" hits="0"/>
						<line number="2714" hits="0"/>
						<line number="2715" hits="0"/>
						<line number="2718" hits="0"/>
						<line number="2725" hits="0"/>
						<line number="2733" hits="0"/>
						<line number="2734" hits="0"/>
						<line number="2735" hits="0"/>
						<line number="2743" hits="0"/>
						<line number="2744" hits="0"/>
						<line number="2745" hits="0"/>
						<line number="2746" hits="0"/>
						<line number="2747" hits="0"/>
						<line number="2748" hits="0"/>
						<line number="2749" hits="0"/>
						<line number="2752" hits="0"/>
						<line number="2753" hits="0"/>
						<line number="2754" hits="0"/>
						<line number="2755" hits="0"/>
						<line number="2756" hits="0"/>
						<line number="2758" hits="0"/>
						<line number="2759" hits="0"/>
						<line number="2760" hits="0"/>
						<line number="2761" hits="0"/>
						<line number="2762" hits="0"/>
						<line number="2763" hits="0"/>
						<line number="2766" hits="0"/>
						<line number="2767" hits="0"/>
						<line number="2768" hits="0"/>
						<line number="2769" hits="0"/>
						<line number="2772" hits="0"/>
						<line number="2773" hits="0"/>
						<line number="2775" hits="0"/>
						<line number="2776" hits="0"/>
						<line number="2777" hits="0"/>
						<line number="2778" hits="0"/>
						<line number="2779" hits="0"/>
						<line number="2780" hits="0"/>
						<line number="2781" hits="0"/>
						<line number="2782" hits="0"/>
						<line number="2783" hits="0"/>
						<line number="2784" hits="0"/>
						<line number="2785" hits="0"/>
						<line number="2786" hits="0"/>
						<line number="2787" hits="0"/>
						<line number="2789" hits="0"/>
						<line number="2790" hits="0"/>
						<line number="2791" hits="0"/>
						<line number="2792" hits="0"/>
						<line number="2793" hits="0"/>
						<line number="2794" hits="0"/>
						<line number="2797" hits="0"/>
						<line number="2798" hits="0"/>
						<line number="2801" hits="0"/>
						<line number="2802" hits="0"/>
						<line number="2804" hits="0"/>
						<line number="2805" hits="0"/>
						<line number="2808" hits="0"/>
						<line number="2811" hits="0"/>
						<line number="2812" hits="0"/>
						<line number="2813" hits="0"/>
						<line number="2814" hits="0"/>
						<line number="2815" hits="0"/>
						<line number="2816" hits="0"/>
						<line number="2817" hits="0"/>
						<line number="2818" hits="0"/>
						<line number="2819" hits="0"/>
						<line number="2822" hits="1"/>
						<line number="2823" hits="1"/>
						<line number="2824" hits="0"/>
						<line number="2825" hits="0"/>
						<line number="2827" hits="0"/>
						<line number="2828" hits="0"/>
						<line number="2830" hits="1"/>
						<line number="2831" hits="0"/>
						<line number="2833" hits="0"/>
						<line number="2834" hits="0"/>
						<line number="2835" hits="0"/>
						<line number="2836" hits="0"/>
						<line number="2837" hits="0"/>
						<line number="2838" hits="0"/>
						<line number="2839" hits="0"/>
						<line number="2840" hits="0"/>
						<line number="2841" hits="0"/>
						<line number="2842" hits="0"/>
						<line number="2843" hits="0"/>
						<line number="2844" hits="0"/>
						<line number="2845" hits="0"/>
						<line number="2846" hits="0"/>
						<line number="2847" hits="0"/>
						<line number="2848" hits="0"/>
						<line number="2849" hits="0"/>
						<line number="2850" hits="0"/>
						<line number="2851" hits="0"/>
						<line number="2852" hits="0"/>
						<line number="2853" hits="0"/>
						<line number="2854" hits="0"/>
						<line number="2855" hits="0"/>
						<line number="2856" hits="0"/>
						<line number="2858" hits="1"/>
						<line number="2859" hits="0" branch="true" condition-coverage="0% (0/2)" missing-branches="2860,2885"/>
						<line number="2860" hits="0"/>
						<line number="2861" hits="0"/>
						<line number="2862" hits="0"/>
						<line number="2863" hits="0"/>
						<line number="2864" hits="0"/>
						<line number="2865" hits="0"/>
						<line number="2866" hits="0"/>
						<line number="2867" hits="0"/>
						<line number="2868" hits="0"/>
						<line number="2869" hits="0"/>
						<line number="2870" hits="0"/>
						<line number="2871" hits="0"/>
						<line number="2872" hits="0"/>
						<line number="2873" hits="0"/>
						<line number="2874" hits="0"/>
						<line number="2875" hits="0"/>
						<line number="2876" hits="0"/>
						<line number="2877" hits="0"/>
						<line number="2878" hits="0"/>
						<line number="2879" hits="0"/>
						<line number="2880" hits="0"/>
						<line number="2881" hits="0"/>
						<line number="2882" hits="0"/>
						<line number="2883" hits="0"/>
						<line number="2885" hits="0"/>
						<line number="2886" hits="0"/>
						<line number="2887" hits="0"/>
						<line number="2888" hits="0"/>
						<line number="2889" hits="0"/>
						<line number="2890" hits="0"/>
						<line number="2891" hits="0"/>
						<line number="2892" hits="0"/>
						<line number="2893" hits="0"/>
						<line number="2894" hits="0"/>
						<line number="2895" hits="0"/>
						<line number="2896" hits="0"/>
						<line number="2897" hits="0"/>
						<line number="2898" hits="0"/>
						<line number="2901" hits="0"/>
						<line number="2902" hits="0"/>
						<line number="2903" hits="0"/>
						<line number="2904" hits="0"/>
						<line number="2907" hits="0"/>
						<line number="2910" hits="0"/>
						<line number="2911" hits="0"/>
						<line number="2912" hits="0"/>
						<line number="2913" hits="0"/>
						<line number="2914" hits="0"/>
						<line number="2917" hits="1"/>
						<line number="2918" hits="1"/>
						<line number="2919" hits="0"/>
						<line number="2920" hits="0"/>
						<line number="2921" hits="0"/>
						<line number="2923" hits="0"/>
						<line number="2924" hits="0"/>
						<line number="2926" hits="1"/>
						<line number="2927" hits="0"/>
						<line number="2928" hits="0"/>
						<line number="2929" hits="0"/>
						<line number="2931" hits="0"/>
						<line number="2932" hits="0"/>
						<line number="2933" hits="0"/>
						<line number="2934" hits="0"/>
						<line number="2936" hits="0"/>
						<line number="2938" hits="0"/>
						<line number="2941" hits="1"/>
						<line number="2945" hits="1"/>
						<line number="2947" hits="0"/>
						<line number="2949" hits="0"/>
						<line number="2951" hits="1"/>
						<line number="2952" hits="0"/>
						<line number="2954" hits="0"/>
						<line number="2955" hits="0"/>
						<line number="2956" hits="0"/>
						<line number="2957" hits="0"/>
						<line number="2959" hits="0"/>
						<line number="2962" hits="0"/>
					</lines>
				</class>
			</classes>
		</package>
		<package name="pyscope.utils" line-rate="0.3295" branch-rate="0.07143" complexity="0">
			<classes>
				<class name="__init__.py" filename="pyscope/utils/__init__.py" complexity="0" line-rate="1" branch-rate="1">
					<methods/>
					<lines>
						<line number="1" hits="1"/>
						<line number="2" hits="1"/>
						<line number="3" hits="1"/>
						<line number="4" hits="1"/>
						<line number="5" hits="1"/>
						<line number="6" hits="1"/>
						<line number="8" hits="1"/>
					</lines>
				</class>
				<class name="_args_kwargs_config.py" filename="pyscope/utils/_args_kwargs_config.py" complexity="0" line-rate="0.1111" branch-rate="0">
					<methods/>
					<lines>
						<line number="1" hits="1"/>
						<line number="2" hits="0" branch="true" condition-coverage="0% (0/2)" missing-branches="3,4"/>
						<line number="3" hits="0"/>
						<line number="4" hits="0"/>
						<line number="5" hits="0" branch="true" condition-coverage="0% (0/2)" missing-branches="6,10"/>
						<line number="6" hits="0" branch="true" condition-coverage="0% (0/2)" missing-branches="7,9"/>
						<line number="7" hits="0"/>
						<line number="9" hits="0"/>
						<line number="10" hits="0"/>
					</lines>
				</class>
				<class name="_function_synchronicity.py" filename="pyscope/utils/_function_synchronicity.py" complexity="0" line-rate="0.5" branch-rate="0.3333">
					<methods/>
					<lines>
						<line number="1" hits="1"/>
						<line number="2" hits="1"/>
						<line number="5" hits="1"/>
						<line number="9" hits="1"/>
						<line number="10" hits="1"/>
						<line number="12" hits="1"/>
						<line number="14" hits="1"/>
						<line number="15" hits="1" branch="true" condition-coverage="100% (2/2)"/>
						<line number="16" hits="0"/>
						<line number="17" hits="0"/>
						<line number="19" hits="1"/>
						<line number="22" hits="1"/>
						<line number="26" hits="0"/>
						<line number="28" hits="0"/>
						<line number="29" hits="0" branch="true" condition-coverage="0% (0/2)" missing-branches="28,35"/>
						<line number="30" hits="0"/>
						<line number="31" hits="0" branch="true" condition-coverage="0% (0/2)" missing-branches="32,33"/>
						<line number="32" hits="0"/>
						<line number="33" hits="0"/>
						<line number="35" hits="0"/>
					</lines>
				</class>
				<class name="_get_image_source_catalog.py" filename="pyscope/utils/_get_image_source_catalog.py" complexity="0" line-rate="0.3158" branch-rate="0">
					<methods/>
					<lines>
						<line number="1" hits="1"/>
						<line number="2" hits="1"/>
						<line number="3" hits="1"/>
						<line number="4" hits="1"/>
						<line number="5" hits="1"/>
						<line number="8" hits="1"/>
						<line number="24" hits="0" branch="true" condition-coverage="0% (0/2)" missing-branches="25,29"/>
						<line number="25" hits="0"/>
						<line number="26" hits="0"/>
						<line number="27" hits="0"/>
						<line number="29" hits="0"/>
						<line number="35" hits="0"/>
						<line number="37" hits="0"/>
						<line number="38" hits="0"/>
						<line number="40" hits="0"/>
						<line number="46" hits="0"/>
						<line number="56" hits="0"/>
						<line number="58" hits="0"/>
						<line number="67" hits="0"/>
					</lines>
				</class>
				<class name="_html_line_parser.py" filename="pyscope/utils/_html_line_parser.py" complexity="0" line-rate="0.03704" branch-rate="0">
					<methods/>
					<lines>
						<line number="1" hits="1"/>
						<line number="23" hits="0"/>
						<line number="24" hits="0" branch="true" condition-coverage="0% (0/2)" missing-branches="25,26"/>
						<line number="25" hits="0"/>
						<line number="26" hits="0" branch="true" condition-coverage="0% (0/2)" missing-branches="27,29"/>
						<line number="27" hits="0"/>
						<line number="29" hits="0"/>
						<line number="31" hits="0"/>
						<line number="32" hits="0" branch="true" condition-coverage="0% (0/2)" missing-branches="33,35"/>
						<line number="33" hits="0"/>
						<line number="35" hits="0"/>
						<line number="36" hits="0"/>
						<line number="38" hits="0"/>
						<line number="39" hits="0"/>
						<line number="40" hits="0" branch="true" condition-coverage="0% (0/2)" missing-branches="41,43"/>
						<line number="41" hits="0"/>
						<line number="43" hits="0"/>
						<line number="45" hits="0" branch="true" condition-coverage="0% (0/2)" missing-branches="46,47"/>
						<line number="46" hits="0"/>
						<line number="47" hits="0" branch="true" condition-coverage="0% (0/2)" missing-branches="48,49"/>
						<line number="48" hits="0"/>
						<line number="49" hits="0" branch="true" condition-coverage="0% (0/2)" missing-branches="50,55"/>
						<line number="50" hits="0"/>
						<line number="51" hits="0"/>
						<line number="52" hits="0"/>
						<line number="53" hits="0"/>
						<line number="55" hits="0"/>
					</lines>
				</class>
				<class name="airmass.py" filename="pyscope/utils/airmass.py" complexity="0" line-rate="0.5" branch-rate="1">
					<methods/>
					<lines>
						<line number="1" hits="1"/>
						<line number="4" hits="1"/>
						<line number="6" hits="0"/>
						<line number="7" hits="0"/>
					</lines>
				</class>
				<class name="pyscope_exception.py" filename="pyscope/utils/pyscope_exception.py" complexity="0" line-rate="1" branch-rate="1">
					<methods/>
					<lines>
						<line number="1" hits="1"/>
						<line number="4" hits="1"/>
					</lines>
				</class>
			</classes>
		</package>
		<package name="tests.observatory" line-rate="0.5882" branch-rate="0.6667" complexity="0">
			<classes>
				<class name="conftest.py" filename="tests/observatory/conftest.py" complexity="0" line-rate="0.5882" branch-rate="0.6667">
					<methods/>
					<lines>
						<line number="1" hits="1"/>
						<line number="2" hits="1"/>
						<line number="3" hits="1"/>
						<line number="4" hits="1"/>
						<line number="5" hits="1"/>
						<line number="6" hits="1"/>
						<line number="8" hits="1"/>
						<line number="10" hits="1"/>
						<line number="16" hits="1"/>
						<line number="17" hits="1"/>
						<line number="18" hits="0"/>
						<line number="21" hits="1"/>
						<line number="22" hits="0"/>
						<line number="25" hits="1"/>
						<line number="26" hits="1" branch="true" condition-coverage="100% (2/2)"/>
						<line number="28" hits="0" branch="true" condition-coverage="0% (0/2)" missing-branches="exit,31"/>
						<line number="31" hits="0"/>
						<line number="32" hits="0"/>
						<line number="34" hits="0"/>
						<line number="35" hits="0"/>
						<line number="38" hits="1"/>
						<line number="39" hits="1" branch="true" condition-coverage="100% (2/2)"/>
						<line number="41" hits="0"/>
						<line number="42" hits="0"/>
						<line number="43" hits="0" branch="true" condition-coverage="0% (0/2)" missing-branches="exit,exit"/>
						<line number="48" hits="1"/>
						<line number="49" hits="1" branch="true" condition-coverage="100% (2/2)"/>
						<line number="51" hits="0"/>
						<line number="61" hits="0"/>
						<line number="64" hits="1"/>
						<line number="65" hits="1" branch="true" condition-coverage="100% (2/2)"/>
						<line number="67" hits="0"/>
						<line number="71" hits="0"/>
						<line number="74" hits="1"/>
					</lines>
				</class>
			</classes>
		</package>
	</packages>
</coverage>
